[1.173s] Invoking command in '/home/walter/ros2_ws/build/control_motor': PYTHONPATH=/home/walter/ros2_ws/build/control_motor/prefix_override:/usr/lib/python3/dist-packages/colcon_core/task/python/colcon_distutils_commands:/home/walter/ros2_ws/install/control_motor/lib/python3.10/site-packages:${PYTHONPATH} /usr/bin/python3 -W ignore:setup.py install is deprecated setup.py develop --editable --build-directory /home/walter/ros2_ws/build/control_motor/build --no-deps symlink_data
[1.500s] running develop
[1.683s] running egg_info
[1.683s] creating control_motor.egg-info
[1.684s] writing control_motor.egg-info/PKG-INFO
[1.684s] writing dependency_links to control_motor.egg-info/dependency_links.txt
[1.684s] writing entry points to control_motor.egg-info/entry_points.txt
[1.684s] writing requirements to control_motor.egg-info/requires.txt
[1.684s] writing top-level names to control_motor.egg-info/top_level.txt
[1.684s] writing manifest file 'control_motor.egg-info/SOURCES.txt'
[1.687s] reading manifest file 'control_motor.egg-info/SOURCES.txt'
[1.687s] writing manifest file 'control_motor.egg-info/SOURCES.txt'
[1.689s] running build_ext
[1.689s] Creating /home/walter/ros2_ws/install/control_motor/lib/python3.10/site-packages/control-motor.egg-link (link to .)
[1.690s] Installing convert_protocol script to /home/walter/ros2_ws/install/control_motor/lib/control_motor
[1.691s] Installing gen_control_data script to /home/walter/ros2_ws/install/control_motor/lib/control_motor
[1.691s] Installing send_serial script to /home/walter/ros2_ws/install/control_motor/lib/control_motor
[1.691s] 
[1.691s] Installed /home/walter/ros2_ws/build/control_motor
[1.691s] running symlink_data
[1.691s] creating /home/walter/ros2_ws/install/control_motor/share/ament_index
[1.692s] creating /home/walter/ros2_ws/install/control_motor/share/ament_index/resource_index
[1.692s] creating /home/walter/ros2_ws/install/control_motor/share/ament_index/resource_index/packages
[1.692s] symbolically linking /home/walter/ros2_ws/build/control_motor/resource/control_motor -> /home/walter/ros2_ws/install/control_motor/share/ament_index/resource_index/packages
[1.692s] symbolically linking /home/walter/ros2_ws/build/control_motor/package.xml -> /home/walter/ros2_ws/install/control_motor/share/control_motor
[1.751s] Invoked command in '/home/walter/ros2_ws/build/control_motor' returned '0': PYTHONPATH=/home/walter/ros2_ws/build/control_motor/prefix_override:/usr/lib/python3/dist-packages/colcon_core/task/python/colcon_distutils_commands:/home/walter/ros2_ws/install/control_motor/lib/python3.10/site-packages:${PYTHONPATH} /usr/bin/python3 -W ignore:setup.py install is deprecated setup.py develop --editable --build-directory /home/walter/ros2_ws/build/control_motor/build --no-deps symlink_data
