[0.659s] Invoking command in '/home/walter/ros2_ws/build/load_img': PYTHONPATH=/home/walter/ros2_ws/build/load_img/prefix_override:/usr/lib/python3/dist-packages/colcon_core/task/python/colcon_distutils_commands:/home/walter/ros2_ws/install/load_img/lib/python3.10/site-packages:${PYTHONPATH} /usr/bin/python3 -W ignore:setup.py install is deprecated setup.py develop --editable --build-directory /home/walter/ros2_ws/build/load_img/build --no-deps symlink_data
[0.843s] running develop
[0.953s] running egg_info
[0.954s] writing load_img.egg-info/PKG-INFO
[0.954s] writing dependency_links to load_img.egg-info/dependency_links.txt
[0.954s] writing entry points to load_img.egg-info/entry_points.txt
[0.954s] writing requirements to load_img.egg-info/requires.txt
[0.954s] writing top-level names to load_img.egg-info/top_level.txt
[0.955s] reading manifest file 'load_img.egg-info/SOURCES.txt'
[0.956s] writing manifest file 'load_img.egg-info/SOURCES.txt'
[0.957s] running build_ext
[0.957s] Creating /home/walter/ros2_ws/install/load_img/lib/python3.10/site-packages/load-img.egg-link (link to .)
[0.957s] Installing cam_pub script to /home/walter/ros2_ws/install/load_img/lib/load_img
[0.958s] Installing img_pub script to /home/walter/ros2_ws/install/load_img/lib/load_img
[0.958s] Installing img_sub script to /home/walter/ros2_ws/install/load_img/lib/load_img
[0.958s] Installing video_pub script to /home/walter/ros2_ws/install/load_img/lib/load_img
[0.958s] 
[0.958s] Installed /home/walter/ros2_ws/build/load_img
[0.958s] running symlink_data
[0.983s] Invoked command in '/home/walter/ros2_ws/build/load_img' returned '0': PYTHONPATH=/home/walter/ros2_ws/build/load_img/prefix_override:/usr/lib/python3/dist-packages/colcon_core/task/python/colcon_distutils_commands:/home/walter/ros2_ws/install/load_img/lib/python3.10/site-packages:${PYTHONPATH} /usr/bin/python3 -W ignore:setup.py install is deprecated setup.py develop --editable --build-directory /home/walter/ros2_ws/build/load_img/build --no-deps symlink_data
