running develop
running egg_info
creating img_process.egg-info
writing img_process.egg-info/PKG-INFO
writing dependency_links to img_process.egg-info/dependency_links.txt
writing entry points to img_process.egg-info/entry_points.txt
writing requirements to img_process.egg-info/requires.txt
writing top-level names to img_process.egg-info/top_level.txt
writing manifest file 'img_process.egg-info/SOURCES.txt'
reading manifest file 'img_process.egg-info/SOURCES.txt'
writing manifest file 'img_process.egg-info/SOURCES.txt'
running build_ext
Creating /home/walter/ros2_ws/install/img_process/lib/python3.10/site-packages/img-process.egg-link (link to .)
Installing img_grad script to /home/walter/ros2_ws/install/img_process/lib/img_process
Installing img_post script to /home/walter/ros2_ws/install/img_process/lib/img_process

Installed /home/walter/ros2_ws/build/img_process
running symlink_data
creating /home/walter/ros2_ws/install/img_process/share/ament_index
creating /home/walter/ros2_ws/install/img_process/share/ament_index/resource_index
creating /home/walter/ros2_ws/install/img_process/share/ament_index/resource_index/packages
symbolically linking /home/walter/ros2_ws/build/img_process/resource/img_process -> /home/walter/ros2_ws/install/img_process/share/ament_index/resource_index/packages
symbolically linking /home/walter/ros2_ws/build/img_process/package.xml -> /home/walter/ros2_ws/install/img_process/share/img_process
