[0.114s] DEBUG:colcon:Command line arguments: ['/usr/bin/colcon', 'build', '--symlink-install']
[0.114s] DEBUG:colcon:Parsed command line arguments: Namespace(log_base=None, log_level=None, verb_name='build', build_base='build', install_base='install', merge_install=False, symlink_install=True, test_result_base=None, continue_on_error=False, executor='parallel', parallel_workers=16, event_handlers=None, ignore_user_meta=False, metas=['./colcon.meta'], base_paths=['.'], packages_ignore=None, packages_ignore_regex=None, paths=None, packages_up_to=None, packages_up_to_regex=None, packages_above=None, packages_above_and_dependencies=None, packages_above_depth=None, packages_select_by_dep=None, packages_skip_by_dep=None, packages_skip_up_to=None, packages_select_build_failed=False, packages_skip_build_finished=False, packages_select_test_failures=False, packages_skip_test_passed=False, packages_select=None, packages_skip=None, packages_select_regex=None, packages_skip_regex=None, packages_start=None, packages_end=None, allow_overriding=[], cmake_args=None, cmake_target=None, cmake_target_skip_unavailable=False, cmake_clean_cache=False, cmake_clean_first=False, cmake_force_configure=False, ament_cmake_args=None, catkin_cmake_args=None, catkin_skip_building_tests=False, verb_parser=<colcon_defaults.argument_parser.defaults.DefaultArgumentsDecorator object at 0x7cc10004cc70>, verb_extension=<colcon_core.verb.build.BuildVerb object at 0x7cc10004c160>, main=<bound method BuildVerb.main of <colcon_core.verb.build.BuildVerb object at 0x7cc10004c160>>)
[0.285s] Level 1:colcon.colcon_core.package_discovery:discover_packages(colcon_meta) check parameters
[0.285s] Level 1:colcon.colcon_core.package_discovery:discover_packages(recursive) check parameters
[0.285s] Level 1:colcon.colcon_core.package_discovery:discover_packages(ignore) check parameters
[0.285s] Level 1:colcon.colcon_core.package_discovery:discover_packages(path) check parameters
[0.285s] Level 1:colcon.colcon_core.package_discovery:discover_packages(colcon_meta) discover
[0.285s] Level 1:colcon.colcon_core.package_discovery:discover_packages(recursive) discover
[0.285s] INFO:colcon.colcon_core.package_discovery:Crawling recursively for packages in '/home/walter/ros2_ws'
[0.285s] Level 1:colcon.colcon_core.package_identification:_identify(.) by extensions ['ignore', 'ignore_ament_install']
[0.285s] Level 1:colcon.colcon_core.package_identification:_identify(.) by extension 'ignore'
[0.285s] Level 1:colcon.colcon_core.package_identification:_identify(.) by extension 'ignore_ament_install'
[0.285s] Level 1:colcon.colcon_core.package_identification:_identify(.) by extensions ['colcon_pkg']
[0.286s] Level 1:colcon.colcon_core.package_identification:_identify(.) by extension 'colcon_pkg'
[0.286s] Level 1:colcon.colcon_core.package_identification:_identify(.) by extensions ['colcon_meta']
[0.286s] Level 1:colcon.colcon_core.package_identification:_identify(.) by extension 'colcon_meta'
[0.286s] Level 1:colcon.colcon_core.package_identification:_identify(.) by extensions ['ros']
[0.286s] Level 1:colcon.colcon_core.package_identification:_identify(.) by extension 'ros'
[0.298s] Level 1:colcon.colcon_core.package_identification:_identify(.) by extensions ['cmake', 'python']
[0.298s] Level 1:colcon.colcon_core.package_identification:_identify(.) by extension 'cmake'
[0.298s] Level 1:colcon.colcon_core.package_identification:_identify(.) by extension 'python'
[0.298s] Level 1:colcon.colcon_core.package_identification:_identify(.) by extensions ['python_setup_py']
[0.298s] Level 1:colcon.colcon_core.package_identification:_identify(.) by extension 'python_setup_py'
[0.299s] Level 1:colcon.colcon_core.package_identification:_identify(build) by extensions ['ignore', 'ignore_ament_install']
[0.299s] Level 1:colcon.colcon_core.package_identification:_identify(build) by extension 'ignore'
[0.299s] Level 1:colcon.colcon_core.package_identification:_identify(build) ignored
[0.299s] Level 1:colcon.colcon_core.package_identification:_identify(install) by extensions ['ignore', 'ignore_ament_install']
[0.299s] Level 1:colcon.colcon_core.package_identification:_identify(install) by extension 'ignore'
[0.299s] Level 1:colcon.colcon_core.package_identification:_identify(install) ignored
[0.299s] Level 1:colcon.colcon_core.package_identification:_identify(log) by extensions ['ignore', 'ignore_ament_install']
[0.299s] Level 1:colcon.colcon_core.package_identification:_identify(log) by extension 'ignore'
[0.299s] Level 1:colcon.colcon_core.package_identification:_identify(log) ignored
[0.299s] Level 1:colcon.colcon_core.package_identification:_identify(src) by extensions ['ignore', 'ignore_ament_install']
[0.299s] Level 1:colcon.colcon_core.package_identification:_identify(src) by extension 'ignore'
[0.299s] Level 1:colcon.colcon_core.package_identification:_identify(src) by extension 'ignore_ament_install'
[0.299s] Level 1:colcon.colcon_core.package_identification:_identify(src) by extensions ['colcon_pkg']
[0.300s] Level 1:colcon.colcon_core.package_identification:_identify(src) by extension 'colcon_pkg'
[0.300s] Level 1:colcon.colcon_core.package_identification:_identify(src) by extensions ['colcon_meta']
[0.300s] Level 1:colcon.colcon_core.package_identification:_identify(src) by extension 'colcon_meta'
[0.300s] Level 1:colcon.colcon_core.package_identification:_identify(src) by extensions ['ros']
[0.300s] Level 1:colcon.colcon_core.package_identification:_identify(src) by extension 'ros'
[0.300s] Level 1:colcon.colcon_core.package_identification:_identify(src) by extensions ['cmake', 'python']
[0.300s] Level 1:colcon.colcon_core.package_identification:_identify(src) by extension 'cmake'
[0.300s] Level 1:colcon.colcon_core.package_identification:_identify(src) by extension 'python'
[0.300s] Level 1:colcon.colcon_core.package_identification:_identify(src) by extensions ['python_setup_py']
[0.300s] Level 1:colcon.colcon_core.package_identification:_identify(src) by extension 'python_setup_py'
[0.300s] Level 1:colcon.colcon_core.package_identification:_identify(src/arduino_codes) by extensions ['ignore', 'ignore_ament_install']
[0.300s] Level 1:colcon.colcon_core.package_identification:_identify(src/arduino_codes) by extension 'ignore'
[0.300s] Level 1:colcon.colcon_core.package_identification:_identify(src/arduino_codes) by extension 'ignore_ament_install'
[0.300s] Level 1:colcon.colcon_core.package_identification:_identify(src/arduino_codes) by extensions ['colcon_pkg']
[0.300s] Level 1:colcon.colcon_core.package_identification:_identify(src/arduino_codes) by extension 'colcon_pkg'
[0.300s] Level 1:colcon.colcon_core.package_identification:_identify(src/arduino_codes) by extensions ['colcon_meta']
[0.300s] Level 1:colcon.colcon_core.package_identification:_identify(src/arduino_codes) by extension 'colcon_meta'
[0.300s] Level 1:colcon.colcon_core.package_identification:_identify(src/arduino_codes) by extensions ['ros']
[0.300s] Level 1:colcon.colcon_core.package_identification:_identify(src/arduino_codes) by extension 'ros'
[0.300s] Level 1:colcon.colcon_core.package_identification:_identify(src/arduino_codes) by extensions ['cmake', 'python']
[0.300s] Level 1:colcon.colcon_core.package_identification:_identify(src/arduino_codes) by extension 'cmake'
[0.300s] Level 1:colcon.colcon_core.package_identification:_identify(src/arduino_codes) by extension 'python'
[0.300s] Level 1:colcon.colcon_core.package_identification:_identify(src/arduino_codes) by extensions ['python_setup_py']
[0.300s] Level 1:colcon.colcon_core.package_identification:_identify(src/arduino_codes) by extension 'python_setup_py'
[0.301s] Level 1:colcon.colcon_core.package_identification:_identify(src/arduino_codes/check_variable_resistor) by extensions ['ignore', 'ignore_ament_install']
[0.301s] Level 1:colcon.colcon_core.package_identification:_identify(src/arduino_codes/check_variable_resistor) by extension 'ignore'
[0.301s] Level 1:colcon.colcon_core.package_identification:_identify(src/arduino_codes/check_variable_resistor) by extension 'ignore_ament_install'
[0.301s] Level 1:colcon.colcon_core.package_identification:_identify(src/arduino_codes/check_variable_resistor) by extensions ['colcon_pkg']
[0.301s] Level 1:colcon.colcon_core.package_identification:_identify(src/arduino_codes/check_variable_resistor) by extension 'colcon_pkg'
[0.301s] Level 1:colcon.colcon_core.package_identification:_identify(src/arduino_codes/check_variable_resistor) by extensions ['colcon_meta']
[0.301s] Level 1:colcon.colcon_core.package_identification:_identify(src/arduino_codes/check_variable_resistor) by extension 'colcon_meta'
[0.301s] Level 1:colcon.colcon_core.package_identification:_identify(src/arduino_codes/check_variable_resistor) by extensions ['ros']
[0.301s] Level 1:colcon.colcon_core.package_identification:_identify(src/arduino_codes/check_variable_resistor) by extension 'ros'
[0.301s] Level 1:colcon.colcon_core.package_identification:_identify(src/arduino_codes/check_variable_resistor) by extensions ['cmake', 'python']
[0.301s] Level 1:colcon.colcon_core.package_identification:_identify(src/arduino_codes/check_variable_resistor) by extension 'cmake'
[0.301s] Level 1:colcon.colcon_core.package_identification:_identify(src/arduino_codes/check_variable_resistor) by extension 'python'
[0.301s] Level 1:colcon.colcon_core.package_identification:_identify(src/arduino_codes/check_variable_resistor) by extensions ['python_setup_py']
[0.301s] Level 1:colcon.colcon_core.package_identification:_identify(src/arduino_codes/check_variable_resistor) by extension 'python_setup_py'
[0.301s] Level 1:colcon.colcon_core.package_identification:_identify(src/arduino_codes/driving) by extensions ['ignore', 'ignore_ament_install']
[0.301s] Level 1:colcon.colcon_core.package_identification:_identify(src/arduino_codes/driving) by extension 'ignore'
[0.301s] Level 1:colcon.colcon_core.package_identification:_identify(src/arduino_codes/driving) by extension 'ignore_ament_install'
[0.301s] Level 1:colcon.colcon_core.package_identification:_identify(src/arduino_codes/driving) by extensions ['colcon_pkg']
[0.301s] Level 1:colcon.colcon_core.package_identification:_identify(src/arduino_codes/driving) by extension 'colcon_pkg'
[0.301s] Level 1:colcon.colcon_core.package_identification:_identify(src/arduino_codes/driving) by extensions ['colcon_meta']
[0.301s] Level 1:colcon.colcon_core.package_identification:_identify(src/arduino_codes/driving) by extension 'colcon_meta'
[0.301s] Level 1:colcon.colcon_core.package_identification:_identify(src/arduino_codes/driving) by extensions ['ros']
[0.301s] Level 1:colcon.colcon_core.package_identification:_identify(src/arduino_codes/driving) by extension 'ros'
[0.302s] Level 1:colcon.colcon_core.package_identification:_identify(src/arduino_codes/driving) by extensions ['cmake', 'python']
[0.302s] Level 1:colcon.colcon_core.package_identification:_identify(src/arduino_codes/driving) by extension 'cmake'
[0.302s] Level 1:colcon.colcon_core.package_identification:_identify(src/arduino_codes/driving) by extension 'python'
[0.302s] Level 1:colcon.colcon_core.package_identification:_identify(src/arduino_codes/driving) by extensions ['python_setup_py']
[0.302s] Level 1:colcon.colcon_core.package_identification:_identify(src/arduino_codes/driving) by extension 'python_setup_py'
[0.302s] Level 1:colcon.colcon_core.package_identification:_identify(src/control_motor) by extensions ['ignore', 'ignore_ament_install']
[0.302s] Level 1:colcon.colcon_core.package_identification:_identify(src/control_motor) by extension 'ignore'
[0.302s] Level 1:colcon.colcon_core.package_identification:_identify(src/control_motor) by extension 'ignore_ament_install'
[0.302s] Level 1:colcon.colcon_core.package_identification:_identify(src/control_motor) by extensions ['colcon_pkg']
[0.302s] Level 1:colcon.colcon_core.package_identification:_identify(src/control_motor) by extension 'colcon_pkg'
[0.302s] Level 1:colcon.colcon_core.package_identification:_identify(src/control_motor) by extensions ['colcon_meta']
[0.302s] Level 1:colcon.colcon_core.package_identification:_identify(src/control_motor) by extension 'colcon_meta'
[0.302s] Level 1:colcon.colcon_core.package_identification:_identify(src/control_motor) by extensions ['ros']
[0.302s] Level 1:colcon.colcon_core.package_identification:_identify(src/control_motor) by extension 'ros'
[0.305s] DEBUG:colcon.colcon_core.package_identification:Package 'src/control_motor' with type 'ros.ament_python' and name 'control_motor'
[0.305s] Level 1:colcon.colcon_core.package_identification:_identify(src/data_collection) by extensions ['ignore', 'ignore_ament_install']
[0.305s] Level 1:colcon.colcon_core.package_identification:_identify(src/data_collection) by extension 'ignore'
[0.305s] Level 1:colcon.colcon_core.package_identification:_identify(src/data_collection) by extension 'ignore_ament_install'
[0.306s] Level 1:colcon.colcon_core.package_identification:_identify(src/data_collection) by extensions ['colcon_pkg']
[0.306s] Level 1:colcon.colcon_core.package_identification:_identify(src/data_collection) by extension 'colcon_pkg'
[0.306s] Level 1:colcon.colcon_core.package_identification:_identify(src/data_collection) by extensions ['colcon_meta']
[0.306s] Level 1:colcon.colcon_core.package_identification:_identify(src/data_collection) by extension 'colcon_meta'
[0.306s] Level 1:colcon.colcon_core.package_identification:_identify(src/data_collection) by extensions ['ros']
[0.306s] Level 1:colcon.colcon_core.package_identification:_identify(src/data_collection) by extension 'ros'
[0.306s] Level 1:colcon.colcon_core.package_identification:_identify(src/data_collection) by extensions ['cmake', 'python']
[0.306s] Level 1:colcon.colcon_core.package_identification:_identify(src/data_collection) by extension 'cmake'
[0.306s] Level 1:colcon.colcon_core.package_identification:_identify(src/data_collection) by extension 'python'
[0.306s] Level 1:colcon.colcon_core.package_identification:_identify(src/data_collection) by extensions ['python_setup_py']
[0.306s] Level 1:colcon.colcon_core.package_identification:_identify(src/data_collection) by extension 'python_setup_py'
[0.306s] Level 1:colcon.colcon_core.package_identification:_identify(src/img_process) by extensions ['ignore', 'ignore_ament_install']
[0.306s] Level 1:colcon.colcon_core.package_identification:_identify(src/img_process) by extension 'ignore'
[0.306s] Level 1:colcon.colcon_core.package_identification:_identify(src/img_process) by extension 'ignore_ament_install'
[0.306s] Level 1:colcon.colcon_core.package_identification:_identify(src/img_process) by extensions ['colcon_pkg']
[0.306s] Level 1:colcon.colcon_core.package_identification:_identify(src/img_process) by extension 'colcon_pkg'
[0.306s] Level 1:colcon.colcon_core.package_identification:_identify(src/img_process) by extensions ['colcon_meta']
[0.306s] Level 1:colcon.colcon_core.package_identification:_identify(src/img_process) by extension 'colcon_meta'
[0.306s] Level 1:colcon.colcon_core.package_identification:_identify(src/img_process) by extensions ['ros']
[0.306s] Level 1:colcon.colcon_core.package_identification:_identify(src/img_process) by extension 'ros'
[0.307s] DEBUG:colcon.colcon_core.package_identification:Package 'src/img_process' with type 'ros.ament_python' and name 'img_process'
[0.307s] Level 1:colcon.colcon_core.package_identification:_identify(src/interfaces_pkg) by extensions ['ignore', 'ignore_ament_install']
[0.307s] Level 1:colcon.colcon_core.package_identification:_identify(src/interfaces_pkg) by extension 'ignore'
[0.307s] Level 1:colcon.colcon_core.package_identification:_identify(src/interfaces_pkg) by extension 'ignore_ament_install'
[0.307s] Level 1:colcon.colcon_core.package_identification:_identify(src/interfaces_pkg) by extensions ['colcon_pkg']
[0.307s] Level 1:colcon.colcon_core.package_identification:_identify(src/interfaces_pkg) by extension 'colcon_pkg'
[0.307s] Level 1:colcon.colcon_core.package_identification:_identify(src/interfaces_pkg) by extensions ['colcon_meta']
[0.307s] Level 1:colcon.colcon_core.package_identification:_identify(src/interfaces_pkg) by extension 'colcon_meta'
[0.307s] Level 1:colcon.colcon_core.package_identification:_identify(src/interfaces_pkg) by extensions ['ros']
[0.308s] Level 1:colcon.colcon_core.package_identification:_identify(src/interfaces_pkg) by extension 'ros'
[0.308s] DEBUG:colcon.colcon_core.package_identification:Package 'src/interfaces_pkg' with type 'ros.ament_cmake' and name 'interfaces_pkg'
[0.308s] Level 1:colcon.colcon_core.package_identification:_identify(src/load_img) by extensions ['ignore', 'ignore_ament_install']
[0.308s] Level 1:colcon.colcon_core.package_identification:_identify(src/load_img) by extension 'ignore'
[0.309s] Level 1:colcon.colcon_core.package_identification:_identify(src/load_img) by extension 'ignore_ament_install'
[0.309s] Level 1:colcon.colcon_core.package_identification:_identify(src/load_img) by extensions ['colcon_pkg']
[0.309s] Level 1:colcon.colcon_core.package_identification:_identify(src/load_img) by extension 'colcon_pkg'
[0.309s] Level 1:colcon.colcon_core.package_identification:_identify(src/load_img) by extensions ['colcon_meta']
[0.309s] Level 1:colcon.colcon_core.package_identification:_identify(src/load_img) by extension 'colcon_meta'
[0.309s] Level 1:colcon.colcon_core.package_identification:_identify(src/load_img) by extensions ['ros']
[0.309s] Level 1:colcon.colcon_core.package_identification:_identify(src/load_img) by extension 'ros'
[0.309s] DEBUG:colcon.colcon_core.package_identification:Package 'src/load_img' with type 'ros.ament_python' and name 'load_img'
[0.309s] Level 1:colcon.colcon_core.package_identification:_identify(src/yolov8_ros) by extensions ['ignore', 'ignore_ament_install']
[0.310s] Level 1:colcon.colcon_core.package_identification:_identify(src/yolov8_ros) by extension 'ignore'
[0.310s] Level 1:colcon.colcon_core.package_identification:_identify(src/yolov8_ros) by extension 'ignore_ament_install'
[0.310s] Level 1:colcon.colcon_core.package_identification:_identify(src/yolov8_ros) by extensions ['colcon_pkg']
[0.310s] Level 1:colcon.colcon_core.package_identification:_identify(src/yolov8_ros) by extension 'colcon_pkg'
[0.310s] Level 1:colcon.colcon_core.package_identification:_identify(src/yolov8_ros) by extensions ['colcon_meta']
[0.310s] Level 1:colcon.colcon_core.package_identification:_identify(src/yolov8_ros) by extension 'colcon_meta'
[0.310s] Level 1:colcon.colcon_core.package_identification:_identify(src/yolov8_ros) by extensions ['ros']
[0.310s] Level 1:colcon.colcon_core.package_identification:_identify(src/yolov8_ros) by extension 'ros'
[0.311s] DEBUG:colcon.colcon_core.package_identification:Package 'src/yolov8_ros' with type 'ros.ament_python' and name 'yolov8_ros'
[0.311s] Level 1:colcon.colcon_core.package_discovery:discover_packages(recursive) using defaults
[0.311s] Level 1:colcon.colcon_core.package_discovery:discover_packages(ignore) discover
[0.311s] Level 1:colcon.colcon_core.package_discovery:discover_packages(ignore) using defaults
[0.311s] Level 1:colcon.colcon_core.package_discovery:discover_packages(path) discover
[0.311s] Level 1:colcon.colcon_core.package_discovery:discover_packages(path) using defaults
[0.336s] Level 1:colcon.colcon_core.package_discovery:discover_packages(prefix_path) check parameters
[0.336s] Level 1:colcon.colcon_core.package_discovery:discover_packages(prefix_path) discover
[0.337s] WARNING:colcon.colcon_core.prefix_path.colcon:The path '/home/walter/ros2_ws/src/install' in the environment variable COLCON_PREFIX_PATH doesn't exist
[0.337s] WARNING:colcon.colcon_ros.prefix_path.ament:The path '/home/walter/ros2_ws/src/install/yolov8_ros' in the environment variable AMENT_PREFIX_PATH doesn't exist
[0.337s] WARNING:colcon.colcon_ros.prefix_path.ament:The path '/home/walter/ros2_ws/src/install/load_img' in the environment variable AMENT_PREFIX_PATH doesn't exist
[0.337s] WARNING:colcon.colcon_ros.prefix_path.ament:The path '/home/walter/ros2_ws/src/install/img_process' in the environment variable AMENT_PREFIX_PATH doesn't exist
[0.337s] WARNING:colcon.colcon_ros.prefix_path.ament:The path '/home/walter/ros2_ws/src/install/interfaces_pkg' in the environment variable AMENT_PREFIX_PATH doesn't exist
[0.337s] WARNING:colcon.colcon_ros.prefix_path.ament:The path '/home/walter/ros2_ws/src/install/control_motor' in the environment variable AMENT_PREFIX_PATH doesn't exist
[0.337s] WARNING:colcon.colcon_ros.prefix_path.catkin:The path '/home/walter/ros2_ws/src/install/interfaces_pkg' in the environment variable CMAKE_PREFIX_PATH doesn't exist
[0.338s] DEBUG:colcon.colcon_installed_package_information.package_discovery:Found 5 installed packages in /home/walter/ros2_ws/install
[0.339s] DEBUG:colcon.colcon_installed_package_information.package_discovery:Found 2 installed packages in /home/walter/gcamp_ros2_ws/install
[0.340s] DEBUG:colcon.colcon_installed_package_information.package_discovery:Found 311 installed packages in /opt/ros/humble
[0.341s] Level 1:colcon.colcon_core.package_discovery:discover_packages(prefix_path) using defaults
[0.399s] Level 5:colcon.colcon_core.verb:set package 'control_motor' build argument 'cmake_args' from command line to 'None'
[0.399s] Level 5:colcon.colcon_core.verb:set package 'control_motor' build argument 'cmake_target' from command line to 'None'
[0.399s] Level 5:colcon.colcon_core.verb:set package 'control_motor' build argument 'cmake_target_skip_unavailable' from command line to 'False'
[0.399s] Level 5:colcon.colcon_core.verb:set package 'control_motor' build argument 'cmake_clean_cache' from command line to 'False'
[0.399s] Level 5:colcon.colcon_core.verb:set package 'control_motor' build argument 'cmake_clean_first' from command line to 'False'
[0.399s] Level 5:colcon.colcon_core.verb:set package 'control_motor' build argument 'cmake_force_configure' from command line to 'False'
[0.399s] Level 5:colcon.colcon_core.verb:set package 'control_motor' build argument 'ament_cmake_args' from command line to 'None'
[0.399s] Level 5:colcon.colcon_core.verb:set package 'control_motor' build argument 'catkin_cmake_args' from command line to 'None'
[0.399s] Level 5:colcon.colcon_core.verb:set package 'control_motor' build argument 'catkin_skip_building_tests' from command line to 'False'
[0.399s] DEBUG:colcon.colcon_core.verb:Building package 'control_motor' with the following arguments: {'ament_cmake_args': None, 'build_base': '/home/walter/ros2_ws/build/control_motor', 'catkin_cmake_args': None, 'catkin_skip_building_tests': False, 'cmake_args': None, 'cmake_clean_cache': False, 'cmake_clean_first': False, 'cmake_force_configure': False, 'cmake_target': None, 'cmake_target_skip_unavailable': False, 'install_base': '/home/walter/ros2_ws/install/control_motor', 'merge_install': False, 'path': '/home/walter/ros2_ws/src/control_motor', 'symlink_install': True, 'test_result_base': None}
[0.400s] Level 5:colcon.colcon_core.verb:set package 'interfaces_pkg' build argument 'cmake_args' from command line to 'None'
[0.400s] Level 5:colcon.colcon_core.verb:set package 'interfaces_pkg' build argument 'cmake_target' from command line to 'None'
[0.400s] Level 5:colcon.colcon_core.verb:set package 'interfaces_pkg' build argument 'cmake_target_skip_unavailable' from command line to 'False'
[0.400s] Level 5:colcon.colcon_core.verb:set package 'interfaces_pkg' build argument 'cmake_clean_cache' from command line to 'False'
[0.400s] Level 5:colcon.colcon_core.verb:set package 'interfaces_pkg' build argument 'cmake_clean_first' from command line to 'False'
[0.400s] Level 5:colcon.colcon_core.verb:set package 'interfaces_pkg' build argument 'cmake_force_configure' from command line to 'False'
[0.400s] Level 5:colcon.colcon_core.verb:set package 'interfaces_pkg' build argument 'ament_cmake_args' from command line to 'None'
[0.400s] Level 5:colcon.colcon_core.verb:set package 'interfaces_pkg' build argument 'catkin_cmake_args' from command line to 'None'
[0.400s] Level 5:colcon.colcon_core.verb:set package 'interfaces_pkg' build argument 'catkin_skip_building_tests' from command line to 'False'
[0.400s] DEBUG:colcon.colcon_core.verb:Building package 'interfaces_pkg' with the following arguments: {'ament_cmake_args': None, 'build_base': '/home/walter/ros2_ws/build/interfaces_pkg', 'catkin_cmake_args': None, 'catkin_skip_building_tests': False, 'cmake_args': None, 'cmake_clean_cache': False, 'cmake_clean_first': False, 'cmake_force_configure': False, 'cmake_target': None, 'cmake_target_skip_unavailable': False, 'install_base': '/home/walter/ros2_ws/install/interfaces_pkg', 'merge_install': False, 'path': '/home/walter/ros2_ws/src/interfaces_pkg', 'symlink_install': True, 'test_result_base': None}
[0.400s] Level 5:colcon.colcon_core.verb:set package 'load_img' build argument 'cmake_args' from command line to 'None'
[0.400s] Level 5:colcon.colcon_core.verb:set package 'load_img' build argument 'cmake_target' from command line to 'None'
[0.400s] Level 5:colcon.colcon_core.verb:set package 'load_img' build argument 'cmake_target_skip_unavailable' from command line to 'False'
[0.400s] Level 5:colcon.colcon_core.verb:set package 'load_img' build argument 'cmake_clean_cache' from command line to 'False'
[0.400s] Level 5:colcon.colcon_core.verb:set package 'load_img' build argument 'cmake_clean_first' from command line to 'False'
[0.400s] Level 5:colcon.colcon_core.verb:set package 'load_img' build argument 'cmake_force_configure' from command line to 'False'
[0.400s] Level 5:colcon.colcon_core.verb:set package 'load_img' build argument 'ament_cmake_args' from command line to 'None'
[0.400s] Level 5:colcon.colcon_core.verb:set package 'load_img' build argument 'catkin_cmake_args' from command line to 'None'
[0.400s] Level 5:colcon.colcon_core.verb:set package 'load_img' build argument 'catkin_skip_building_tests' from command line to 'False'
[0.400s] DEBUG:colcon.colcon_core.verb:Building package 'load_img' with the following arguments: {'ament_cmake_args': None, 'build_base': '/home/walter/ros2_ws/build/load_img', 'catkin_cmake_args': None, 'catkin_skip_building_tests': False, 'cmake_args': None, 'cmake_clean_cache': False, 'cmake_clean_first': False, 'cmake_force_configure': False, 'cmake_target': None, 'cmake_target_skip_unavailable': False, 'install_base': '/home/walter/ros2_ws/install/load_img', 'merge_install': False, 'path': '/home/walter/ros2_ws/src/load_img', 'symlink_install': True, 'test_result_base': None}
[0.401s] Level 5:colcon.colcon_core.verb:set package 'img_process' build argument 'cmake_args' from command line to 'None'
[0.401s] Level 5:colcon.colcon_core.verb:set package 'img_process' build argument 'cmake_target' from command line to 'None'
[0.401s] Level 5:colcon.colcon_core.verb:set package 'img_process' build argument 'cmake_target_skip_unavailable' from command line to 'False'
[0.401s] Level 5:colcon.colcon_core.verb:set package 'img_process' build argument 'cmake_clean_cache' from command line to 'False'
[0.401s] Level 5:colcon.colcon_core.verb:set package 'img_process' build argument 'cmake_clean_first' from command line to 'False'
[0.401s] Level 5:colcon.colcon_core.verb:set package 'img_process' build argument 'cmake_force_configure' from command line to 'False'
[0.401s] Level 5:colcon.colcon_core.verb:set package 'img_process' build argument 'ament_cmake_args' from command line to 'None'
[0.401s] Level 5:colcon.colcon_core.verb:set package 'img_process' build argument 'catkin_cmake_args' from command line to 'None'
[0.401s] Level 5:colcon.colcon_core.verb:set package 'img_process' build argument 'catkin_skip_building_tests' from command line to 'False'
[0.401s] DEBUG:colcon.colcon_core.verb:Building package 'img_process' with the following arguments: {'ament_cmake_args': None, 'build_base': '/home/walter/ros2_ws/build/img_process', 'catkin_cmake_args': None, 'catkin_skip_building_tests': False, 'cmake_args': None, 'cmake_clean_cache': False, 'cmake_clean_first': False, 'cmake_force_configure': False, 'cmake_target': None, 'cmake_target_skip_unavailable': False, 'install_base': '/home/walter/ros2_ws/install/img_process', 'merge_install': False, 'path': '/home/walter/ros2_ws/src/img_process', 'symlink_install': True, 'test_result_base': None}
[0.401s] Level 5:colcon.colcon_core.verb:set package 'yolov8_ros' build argument 'cmake_args' from command line to 'None'
[0.401s] Level 5:colcon.colcon_core.verb:set package 'yolov8_ros' build argument 'cmake_target' from command line to 'None'
[0.401s] Level 5:colcon.colcon_core.verb:set package 'yolov8_ros' build argument 'cmake_target_skip_unavailable' from command line to 'False'
[0.402s] Level 5:colcon.colcon_core.verb:set package 'yolov8_ros' build argument 'cmake_clean_cache' from command line to 'False'
[0.402s] Level 5:colcon.colcon_core.verb:set package 'yolov8_ros' build argument 'cmake_clean_first' from command line to 'False'
[0.402s] Level 5:colcon.colcon_core.verb:set package 'yolov8_ros' build argument 'cmake_force_configure' from command line to 'False'
[0.402s] Level 5:colcon.colcon_core.verb:set package 'yolov8_ros' build argument 'ament_cmake_args' from command line to 'None'
[0.402s] Level 5:colcon.colcon_core.verb:set package 'yolov8_ros' build argument 'catkin_cmake_args' from command line to 'None'
[0.402s] Level 5:colcon.colcon_core.verb:set package 'yolov8_ros' build argument 'catkin_skip_building_tests' from command line to 'False'
[0.402s] DEBUG:colcon.colcon_core.verb:Building package 'yolov8_ros' with the following arguments: {'ament_cmake_args': None, 'build_base': '/home/walter/ros2_ws/build/yolov8_ros', 'catkin_cmake_args': None, 'catkin_skip_building_tests': False, 'cmake_args': None, 'cmake_clean_cache': False, 'cmake_clean_first': False, 'cmake_force_configure': False, 'cmake_target': None, 'cmake_target_skip_unavailable': False, 'install_base': '/home/walter/ros2_ws/install/yolov8_ros', 'merge_install': False, 'path': '/home/walter/ros2_ws/src/yolov8_ros', 'symlink_install': True, 'test_result_base': None}
[0.402s] INFO:colcon.colcon_core.executor:Executing jobs using 'parallel' executor
[0.403s] DEBUG:colcon.colcon_parallel_executor.executor.parallel:run_until_complete
[0.403s] INFO:colcon.colcon_ros.task.ament_cmake.build:Building ROS package in '/home/walter/ros2_ws/src/interfaces_pkg' with build type 'ament_cmake'
[0.404s] INFO:colcon.colcon_cmake.task.cmake.build:Building CMake package in '/home/walter/ros2_ws/src/interfaces_pkg'
[0.406s] INFO:colcon.colcon_core.plugin_system:Skipping extension 'colcon_core.shell.bat': Not used on non-Windows systems
[0.406s] INFO:colcon.colcon_core.shell:Skip shell extension 'powershell' for command environment: Not usable outside of PowerShell
[0.407s] DEBUG:colcon.colcon_core.shell:Skip shell extension 'dsv' for command environment
[0.411s] INFO:colcon.colcon_ros.task.ament_python.build:Building ROS package in '/home/walter/ros2_ws/src/load_img' with build type 'ament_python'
[0.411s] Level 1:colcon.colcon_core.shell:create_environment_hook('load_img', 'ament_prefix_path')
[0.411s] INFO:colcon.colcon_core.shell:Creating environment hook '/home/walter/ros2_ws/install/load_img/share/load_img/hook/ament_prefix_path.ps1'
[0.412s] INFO:colcon.colcon_core.shell:Creating environment descriptor '/home/walter/ros2_ws/install/load_img/share/load_img/hook/ament_prefix_path.dsv'
[0.412s] INFO:colcon.colcon_core.shell:Creating environment hook '/home/walter/ros2_ws/install/load_img/share/load_img/hook/ament_prefix_path.sh'
[0.413s] INFO:colcon.colcon_core.shell:Skip shell extension 'powershell' for command environment: Not usable outside of PowerShell
[0.413s] DEBUG:colcon.colcon_core.shell:Skip shell extension 'dsv' for command environment
[0.417s] INFO:colcon.colcon_ros.task.ament_python.build:Building ROS package in '/home/walter/ros2_ws/src/control_motor' with build type 'ament_python'
[0.417s] Level 1:colcon.colcon_core.shell:create_environment_hook('control_motor', 'ament_prefix_path')
[0.417s] INFO:colcon.colcon_core.shell:Creating environment hook '/home/walter/ros2_ws/install/control_motor/share/control_motor/hook/ament_prefix_path.ps1'
[0.418s] INFO:colcon.colcon_core.shell:Creating environment descriptor '/home/walter/ros2_ws/install/control_motor/share/control_motor/hook/ament_prefix_path.dsv'
[0.418s] INFO:colcon.colcon_core.shell:Creating environment hook '/home/walter/ros2_ws/install/control_motor/share/control_motor/hook/ament_prefix_path.sh'
[0.419s] INFO:colcon.colcon_core.shell:Skip shell extension 'powershell' for command environment: Not usable outside of PowerShell
[0.419s] DEBUG:colcon.colcon_core.shell:Skip shell extension 'dsv' for command environment
[0.458s] DEBUG:colcon.colcon_core.event_handler.log_command:Invoking command in '/home/walter/ros2_ws/build/interfaces_pkg': CMAKE_PREFIX_PATH=${CMAKE_PREFIX_PATH}:/home/walter/ros2_ws/src/install/yolov8_ros:/home/walter/ros2_ws/src/install/load_img:/home/walter/ros2_ws/src/install/img_process:/home/walter/ros2_ws/src/install/control_motor:/home/walter/ros2_ws/install/yolov8_ros:/home/walter/ros2_ws/install/load_img:/home/walter/ros2_ws/install/img_process:/home/walter/ros2_ws/install/control_motor:/home/walter/gcamp_ros2_ws/install/py_topic_pkg:/opt/ros/humble /usr/bin/cmake --build /home/walter/ros2_ws/build/interfaces_pkg -- -j16 -l16
[0.825s] INFO:colcon.colcon_core.task.python.build:Building Python package in '/home/walter/ros2_ws/src/load_img'
[0.826s] INFO:colcon.colcon_core.shell:Skip shell extension 'powershell' for command environment: Not usable outside of PowerShell
[0.826s] DEBUG:colcon.colcon_core.shell:Skip shell extension 'dsv' for command environment
[1.149s] INFO:colcon.colcon_core.task.python.build:Building Python package in '/home/walter/ros2_ws/src/control_motor'
[1.149s] INFO:colcon.colcon_core.shell:Skip shell extension 'powershell' for command environment: Not usable outside of PowerShell
[1.149s] DEBUG:colcon.colcon_core.shell:Skip shell extension 'dsv' for command environment
[1.160s] DEBUG:colcon.colcon_core.event_handler.log_command:Invoked command in '/home/walter/ros2_ws/build/interfaces_pkg' returned '0': CMAKE_PREFIX_PATH=${CMAKE_PREFIX_PATH}:/home/walter/ros2_ws/src/install/yolov8_ros:/home/walter/ros2_ws/src/install/load_img:/home/walter/ros2_ws/src/install/img_process:/home/walter/ros2_ws/src/install/control_motor:/home/walter/ros2_ws/install/yolov8_ros:/home/walter/ros2_ws/install/load_img:/home/walter/ros2_ws/install/img_process:/home/walter/ros2_ws/install/control_motor:/home/walter/gcamp_ros2_ws/install/py_topic_pkg:/opt/ros/humble /usr/bin/cmake --build /home/walter/ros2_ws/build/interfaces_pkg -- -j16 -l16
[1.346s] DEBUG:colcon.colcon_core.event_handler.log_command:Invoking command in '/home/walter/ros2_ws/build/interfaces_pkg': CMAKE_PREFIX_PATH=${CMAKE_PREFIX_PATH}:/home/walter/ros2_ws/src/install/yolov8_ros:/home/walter/ros2_ws/src/install/load_img:/home/walter/ros2_ws/src/install/img_process:/home/walter/ros2_ws/src/install/control_motor:/home/walter/ros2_ws/install/yolov8_ros:/home/walter/ros2_ws/install/load_img:/home/walter/ros2_ws/install/img_process:/home/walter/ros2_ws/install/control_motor:/home/walter/gcamp_ros2_ws/install/py_topic_pkg:/opt/ros/humble /usr/bin/cmake --install /home/walter/ros2_ws/build/interfaces_pkg
[1.443s] Level 1:colcon.colcon_core.environment:create_environment_scripts_only(interfaces_pkg)
[1.444s] DEBUG:colcon.colcon_core.event_handler.log_command:Invoked command in '/home/walter/ros2_ws/build/interfaces_pkg' returned '0': CMAKE_PREFIX_PATH=${CMAKE_PREFIX_PATH}:/home/walter/ros2_ws/src/install/yolov8_ros:/home/walter/ros2_ws/src/install/load_img:/home/walter/ros2_ws/src/install/img_process:/home/walter/ros2_ws/src/install/control_motor:/home/walter/ros2_ws/install/yolov8_ros:/home/walter/ros2_ws/install/load_img:/home/walter/ros2_ws/install/img_process:/home/walter/ros2_ws/install/control_motor:/home/walter/gcamp_ros2_ws/install/py_topic_pkg:/opt/ros/humble /usr/bin/cmake --install /home/walter/ros2_ws/build/interfaces_pkg
[1.448s] Level 1:colcon.colcon_core.environment:checking '/home/walter/ros2_ws/install/interfaces_pkg' for CMake module files
[1.448s] Level 1:colcon.colcon_core.environment:checking '/home/walter/ros2_ws/install/interfaces_pkg' for CMake config files
[1.449s] Level 1:colcon.colcon_core.shell:create_environment_hook('interfaces_pkg', 'cmake_prefix_path')
[1.450s] INFO:colcon.colcon_core.shell:Creating environment hook '/home/walter/ros2_ws/install/interfaces_pkg/share/interfaces_pkg/hook/cmake_prefix_path.ps1'
[1.451s] INFO:colcon.colcon_core.shell:Creating environment descriptor '/home/walter/ros2_ws/install/interfaces_pkg/share/interfaces_pkg/hook/cmake_prefix_path.dsv'
[1.451s] INFO:colcon.colcon_core.shell:Creating environment hook '/home/walter/ros2_ws/install/interfaces_pkg/share/interfaces_pkg/hook/cmake_prefix_path.sh'
[1.452s] Level 1:colcon.colcon_core.environment:checking '/home/walter/ros2_ws/install/interfaces_pkg/lib'
[1.453s] Level 1:colcon.colcon_core.shell:create_environment_hook('interfaces_pkg', 'ld_library_path_lib')
[1.453s] INFO:colcon.colcon_core.shell:Creating environment hook '/home/walter/ros2_ws/install/interfaces_pkg/share/interfaces_pkg/hook/ld_library_path_lib.ps1'
[1.454s] INFO:colcon.colcon_core.shell:Creating environment descriptor '/home/walter/ros2_ws/install/interfaces_pkg/share/interfaces_pkg/hook/ld_library_path_lib.dsv'
[1.455s] INFO:colcon.colcon_core.shell:Creating environment hook '/home/walter/ros2_ws/install/interfaces_pkg/share/interfaces_pkg/hook/ld_library_path_lib.sh'
[1.455s] Level 1:colcon.colcon_core.environment:checking '/home/walter/ros2_ws/install/interfaces_pkg/bin'
[1.455s] Level 1:colcon.colcon_core.environment:checking '/home/walter/ros2_ws/install/interfaces_pkg/lib/pkgconfig/interfaces_pkg.pc'
[1.456s] Level 1:colcon.colcon_core.environment:checking '/home/walter/ros2_ws/install/interfaces_pkg/lib/python3.10/site-packages'
[1.456s] Level 1:colcon.colcon_core.environment:checking '/home/walter/ros2_ws/install/interfaces_pkg/bin'
[1.457s] INFO:colcon.colcon_core.shell:Creating package script '/home/walter/ros2_ws/install/interfaces_pkg/share/interfaces_pkg/package.ps1'
[1.458s] INFO:colcon.colcon_core.shell:Creating package descriptor '/home/walter/ros2_ws/install/interfaces_pkg/share/interfaces_pkg/package.dsv'
[1.459s] INFO:colcon.colcon_core.shell:Creating package script '/home/walter/ros2_ws/install/interfaces_pkg/share/interfaces_pkg/package.sh'
[1.460s] INFO:colcon.colcon_core.shell:Creating package script '/home/walter/ros2_ws/install/interfaces_pkg/share/interfaces_pkg/package.bash'
[1.461s] INFO:colcon.colcon_core.shell:Creating package script '/home/walter/ros2_ws/install/interfaces_pkg/share/interfaces_pkg/package.zsh'
[1.461s] Level 1:colcon.colcon_core.environment:create_file_with_runtime_dependencies(/home/walter/ros2_ws/install/interfaces_pkg/share/colcon-core/packages/interfaces_pkg)
[1.607s] DEBUG:colcon.colcon_core.event_handler.log_command:Invoking command in '/home/walter/ros2_ws/build/load_img': PYTHONPATH=/home/walter/ros2_ws/build/load_img/prefix_override:/usr/lib/python3/dist-packages/colcon_core/task/python/colcon_distutils_commands:/home/walter/ros2_ws/install/load_img/lib/python3.10/site-packages:${PYTHONPATH} /usr/bin/python3 -W ignore:setup.py install is deprecated setup.py develop --editable --build-directory /home/walter/ros2_ws/build/load_img/build --no-deps symlink_data
[1.610s] DEBUG:colcon.colcon_core.event_handler.log_command:Invoking command in '/home/walter/ros2_ws/build/control_motor': PYTHONPATH=/home/walter/ros2_ws/build/control_motor/prefix_override:/usr/lib/python3/dist-packages/colcon_core/task/python/colcon_distutils_commands:/home/walter/ros2_ws/install/control_motor/lib/python3.10/site-packages:${PYTHONPATH} /usr/bin/python3 -W ignore:setup.py install is deprecated setup.py develop --editable --build-directory /home/walter/ros2_ws/build/control_motor/build --no-deps symlink_data
[1.620s] Level 1:colcon.colcon_core.environment:create_environment_scripts_only(interfaces_pkg)
[1.620s] Level 1:colcon.colcon_core.environment:checking '/home/walter/ros2_ws/install/interfaces_pkg' for CMake module files
[1.621s] Level 1:colcon.colcon_core.environment:checking '/home/walter/ros2_ws/install/interfaces_pkg' for CMake config files
[1.623s] Level 1:colcon.colcon_core.shell:create_environment_hook('interfaces_pkg', 'cmake_prefix_path')
[1.623s] INFO:colcon.colcon_core.shell:Creating environment hook '/home/walter/ros2_ws/install/interfaces_pkg/share/interfaces_pkg/hook/cmake_prefix_path.ps1'
[1.624s] INFO:colcon.colcon_core.shell:Creating environment descriptor '/home/walter/ros2_ws/install/interfaces_pkg/share/interfaces_pkg/hook/cmake_prefix_path.dsv'
[1.624s] INFO:colcon.colcon_core.shell:Creating environment hook '/home/walter/ros2_ws/install/interfaces_pkg/share/interfaces_pkg/hook/cmake_prefix_path.sh'
[1.625s] Level 1:colcon.colcon_core.environment:checking '/home/walter/ros2_ws/install/interfaces_pkg/lib'
[1.625s] Level 1:colcon.colcon_core.shell:create_environment_hook('interfaces_pkg', 'ld_library_path_lib')
[1.625s] INFO:colcon.colcon_core.shell:Creating environment hook '/home/walter/ros2_ws/install/interfaces_pkg/share/interfaces_pkg/hook/ld_library_path_lib.ps1'
[1.625s] INFO:colcon.colcon_core.shell:Creating environment descriptor '/home/walter/ros2_ws/install/interfaces_pkg/share/interfaces_pkg/hook/ld_library_path_lib.dsv'
[1.626s] INFO:colcon.colcon_core.shell:Creating environment hook '/home/walter/ros2_ws/install/interfaces_pkg/share/interfaces_pkg/hook/ld_library_path_lib.sh'
[1.626s] Level 1:colcon.colcon_core.environment:checking '/home/walter/ros2_ws/install/interfaces_pkg/bin'
[1.626s] Level 1:colcon.colcon_core.environment:checking '/home/walter/ros2_ws/install/interfaces_pkg/lib/pkgconfig/interfaces_pkg.pc'
[1.626s] Level 1:colcon.colcon_core.environment:checking '/home/walter/ros2_ws/install/interfaces_pkg/lib/python3.10/site-packages'
[1.627s] Level 1:colcon.colcon_core.environment:checking '/home/walter/ros2_ws/install/interfaces_pkg/bin'
[1.627s] INFO:colcon.colcon_core.shell:Creating package script '/home/walter/ros2_ws/install/interfaces_pkg/share/interfaces_pkg/package.ps1'
[1.627s] INFO:colcon.colcon_core.shell:Creating package descriptor '/home/walter/ros2_ws/install/interfaces_pkg/share/interfaces_pkg/package.dsv'
[1.628s] INFO:colcon.colcon_core.shell:Creating package script '/home/walter/ros2_ws/install/interfaces_pkg/share/interfaces_pkg/package.sh'
[1.628s] INFO:colcon.colcon_core.shell:Creating package script '/home/walter/ros2_ws/install/interfaces_pkg/share/interfaces_pkg/package.bash'
[1.629s] INFO:colcon.colcon_core.shell:Creating package script '/home/walter/ros2_ws/install/interfaces_pkg/share/interfaces_pkg/package.zsh'
[1.629s] Level 1:colcon.colcon_core.environment:create_file_with_runtime_dependencies(/home/walter/ros2_ws/install/interfaces_pkg/share/colcon-core/packages/interfaces_pkg)
[1.629s] INFO:colcon.colcon_ros.task.ament_python.build:Building ROS package in '/home/walter/ros2_ws/src/img_process' with build type 'ament_python'
[1.630s] Level 1:colcon.colcon_core.shell:create_environment_hook('img_process', 'ament_prefix_path')
[1.630s] INFO:colcon.colcon_core.shell:Creating environment hook '/home/walter/ros2_ws/install/img_process/share/img_process/hook/ament_prefix_path.ps1'
[1.631s] INFO:colcon.colcon_core.shell:Creating environment descriptor '/home/walter/ros2_ws/install/img_process/share/img_process/hook/ament_prefix_path.dsv'
[1.631s] INFO:colcon.colcon_core.shell:Creating environment hook '/home/walter/ros2_ws/install/img_process/share/img_process/hook/ament_prefix_path.sh'
[1.632s] INFO:colcon.colcon_core.shell:Skip shell extension 'powershell' for command environment: Not usable outside of PowerShell
[1.632s] DEBUG:colcon.colcon_core.shell:Skip shell extension 'dsv' for command environment
[1.961s] INFO:colcon.colcon_core.task.python.build:Building Python package in '/home/walter/ros2_ws/src/img_process'
[1.962s] INFO:colcon.colcon_core.shell:Skip shell extension 'powershell' for command environment: Not usable outside of PowerShell
[1.962s] DEBUG:colcon.colcon_core.shell:Skip shell extension 'dsv' for command environment
[2.169s] Level 1:colcon.colcon_core.shell:create_environment_hook('load_img', 'pythonpath_develop')
[2.170s] INFO:colcon.colcon_core.shell:Creating environment hook '/home/walter/ros2_ws/build/load_img/share/load_img/hook/pythonpath_develop.ps1'
[2.171s] DEBUG:colcon.colcon_core.event_handler.log_command:Invoked command in '/home/walter/ros2_ws/build/load_img' returned '0': PYTHONPATH=/home/walter/ros2_ws/build/load_img/prefix_override:/usr/lib/python3/dist-packages/colcon_core/task/python/colcon_distutils_commands:/home/walter/ros2_ws/install/load_img/lib/python3.10/site-packages:${PYTHONPATH} /usr/bin/python3 -W ignore:setup.py install is deprecated setup.py develop --editable --build-directory /home/walter/ros2_ws/build/load_img/build --no-deps symlink_data
[2.171s] INFO:colcon.colcon_core.shell:Creating environment descriptor '/home/walter/ros2_ws/build/load_img/share/load_img/hook/pythonpath_develop.dsv'
[2.172s] INFO:colcon.colcon_core.shell:Creating environment hook '/home/walter/ros2_ws/build/load_img/share/load_img/hook/pythonpath_develop.sh'
[2.172s] Level 1:colcon.colcon_core.environment:checking '/home/walter/ros2_ws/install/load_img' for CMake module files
[2.173s] Level 1:colcon.colcon_core.environment:checking '/home/walter/ros2_ws/install/load_img' for CMake config files
[2.173s] Level 1:colcon.colcon_core.environment:checking '/home/walter/ros2_ws/install/load_img/lib'
[2.173s] Level 1:colcon.colcon_core.environment:checking '/home/walter/ros2_ws/install/load_img/bin'
[2.174s] Level 1:colcon.colcon_core.environment:checking '/home/walter/ros2_ws/install/load_img/lib/pkgconfig/load_img.pc'
[2.174s] Level 1:colcon.colcon_core.environment:checking '/home/walter/ros2_ws/install/load_img/lib/python3.10/site-packages'
[2.174s] Level 1:colcon.colcon_core.shell:create_environment_hook('load_img', 'pythonpath')
[2.174s] INFO:colcon.colcon_core.shell:Creating environment hook '/home/walter/ros2_ws/install/load_img/share/load_img/hook/pythonpath.ps1'
[2.175s] INFO:colcon.colcon_core.shell:Creating environment descriptor '/home/walter/ros2_ws/install/load_img/share/load_img/hook/pythonpath.dsv'
[2.175s] INFO:colcon.colcon_core.shell:Creating environment hook '/home/walter/ros2_ws/install/load_img/share/load_img/hook/pythonpath.sh'
[2.175s] Level 1:colcon.colcon_core.environment:checking '/home/walter/ros2_ws/install/load_img/bin'
[2.175s] Level 1:colcon.colcon_core.environment:create_environment_scripts_only(load_img)
[2.176s] INFO:colcon.colcon_core.shell:Creating package script '/home/walter/ros2_ws/install/load_img/share/load_img/package.ps1'
[2.176s] INFO:colcon.colcon_core.shell:Creating package descriptor '/home/walter/ros2_ws/install/load_img/share/load_img/package.dsv'
[2.177s] INFO:colcon.colcon_core.shell:Creating package script '/home/walter/ros2_ws/install/load_img/share/load_img/package.sh'
[2.177s] INFO:colcon.colcon_core.shell:Creating package script '/home/walter/ros2_ws/install/load_img/share/load_img/package.bash'
[2.177s] INFO:colcon.colcon_core.shell:Creating package script '/home/walter/ros2_ws/install/load_img/share/load_img/package.zsh'
[2.178s] Level 1:colcon.colcon_core.environment:create_file_with_runtime_dependencies(/home/walter/ros2_ws/install/load_img/share/colcon-core/packages/load_img)
[2.178s] INFO:colcon.colcon_ros.task.ament_python.build:Building ROS package in '/home/walter/ros2_ws/src/yolov8_ros' with build type 'ament_python'
[2.178s] Level 1:colcon.colcon_core.shell:create_environment_hook('yolov8_ros', 'ament_prefix_path')
[2.178s] INFO:colcon.colcon_core.shell:Creating environment hook '/home/walter/ros2_ws/install/yolov8_ros/share/yolov8_ros/hook/ament_prefix_path.ps1'
[2.179s] INFO:colcon.colcon_core.shell:Creating environment descriptor '/home/walter/ros2_ws/install/yolov8_ros/share/yolov8_ros/hook/ament_prefix_path.dsv'
[2.179s] INFO:colcon.colcon_core.shell:Creating environment hook '/home/walter/ros2_ws/install/yolov8_ros/share/yolov8_ros/hook/ament_prefix_path.sh'
[2.180s] INFO:colcon.colcon_core.shell:Skip shell extension 'powershell' for command environment: Not usable outside of PowerShell
[2.180s] DEBUG:colcon.colcon_core.shell:Skip shell extension 'dsv' for command environment
[2.185s] Level 1:colcon.colcon_core.shell:create_environment_hook('control_motor', 'pythonpath_develop')
[2.185s] INFO:colcon.colcon_core.shell:Creating environment hook '/home/walter/ros2_ws/build/control_motor/share/control_motor/hook/pythonpath_develop.ps1'
[2.186s] DEBUG:colcon.colcon_core.event_handler.log_command:Invoked command in '/home/walter/ros2_ws/build/control_motor' returned '0': PYTHONPATH=/home/walter/ros2_ws/build/control_motor/prefix_override:/usr/lib/python3/dist-packages/colcon_core/task/python/colcon_distutils_commands:/home/walter/ros2_ws/install/control_motor/lib/python3.10/site-packages:${PYTHONPATH} /usr/bin/python3 -W ignore:setup.py install is deprecated setup.py develop --editable --build-directory /home/walter/ros2_ws/build/control_motor/build --no-deps symlink_data
[2.186s] INFO:colcon.colcon_core.shell:Creating environment descriptor '/home/walter/ros2_ws/build/control_motor/share/control_motor/hook/pythonpath_develop.dsv'
[2.187s] INFO:colcon.colcon_core.shell:Creating environment hook '/home/walter/ros2_ws/build/control_motor/share/control_motor/hook/pythonpath_develop.sh'
[2.188s] Level 1:colcon.colcon_core.environment:checking '/home/walter/ros2_ws/install/control_motor' for CMake module files
[2.189s] Level 1:colcon.colcon_core.environment:checking '/home/walter/ros2_ws/install/control_motor' for CMake config files
[2.189s] Level 1:colcon.colcon_core.environment:checking '/home/walter/ros2_ws/install/control_motor/lib'
[2.190s] Level 1:colcon.colcon_core.environment:checking '/home/walter/ros2_ws/install/control_motor/bin'
[2.190s] Level 1:colcon.colcon_core.environment:checking '/home/walter/ros2_ws/install/control_motor/lib/pkgconfig/control_motor.pc'
[2.190s] Level 1:colcon.colcon_core.environment:checking '/home/walter/ros2_ws/install/control_motor/lib/python3.10/site-packages'
[2.190s] Level 1:colcon.colcon_core.shell:create_environment_hook('control_motor', 'pythonpath')
[2.191s] INFO:colcon.colcon_core.shell:Creating environment hook '/home/walter/ros2_ws/install/control_motor/share/control_motor/hook/pythonpath.ps1'
[2.191s] INFO:colcon.colcon_core.shell:Creating environment descriptor '/home/walter/ros2_ws/install/control_motor/share/control_motor/hook/pythonpath.dsv'
[2.192s] INFO:colcon.colcon_core.shell:Creating environment hook '/home/walter/ros2_ws/install/control_motor/share/control_motor/hook/pythonpath.sh'
[2.193s] Level 1:colcon.colcon_core.environment:checking '/home/walter/ros2_ws/install/control_motor/bin'
[2.193s] Level 1:colcon.colcon_core.environment:create_environment_scripts_only(control_motor)
[2.193s] INFO:colcon.colcon_core.shell:Creating package script '/home/walter/ros2_ws/install/control_motor/share/control_motor/package.ps1'
[2.194s] INFO:colcon.colcon_core.shell:Creating package descriptor '/home/walter/ros2_ws/install/control_motor/share/control_motor/package.dsv'
[2.195s] INFO:colcon.colcon_core.shell:Creating package script '/home/walter/ros2_ws/install/control_motor/share/control_motor/package.sh'
[2.195s] INFO:colcon.colcon_core.shell:Creating package script '/home/walter/ros2_ws/install/control_motor/share/control_motor/package.bash'
[2.195s] INFO:colcon.colcon_core.shell:Creating package script '/home/walter/ros2_ws/install/control_motor/share/control_motor/package.zsh'
[2.196s] Level 1:colcon.colcon_core.environment:create_file_with_runtime_dependencies(/home/walter/ros2_ws/install/control_motor/share/colcon-core/packages/control_motor)
[2.510s] INFO:colcon.colcon_core.task.python.build:Building Python package in '/home/walter/ros2_ws/src/yolov8_ros'
[2.511s] INFO:colcon.colcon_core.shell:Skip shell extension 'powershell' for command environment: Not usable outside of PowerShell
[2.511s] DEBUG:colcon.colcon_core.shell:Skip shell extension 'dsv' for command environment
[2.519s] DEBUG:colcon.colcon_core.event_handler.log_command:Invoking command in '/home/walter/ros2_ws/build/img_process': CMAKE_PREFIX_PATH=/home/walter/ros2_ws/install/interfaces_pkg:/home/walter/ros2_ws/src/install/interfaces_pkg:/home/walter/gcamp_ros2_ws/install/gcamp_gazebo LD_LIBRARY_PATH=/home/walter/ros2_ws/install/interfaces_pkg/lib:/home/walter/ros2_ws/src/install/interfaces_pkg/lib:/usr/lib/x86_64-linux-gnu/gazebo-11/plugins:/opt/ros/humble/opt/rviz_ogre_vendor/lib:/opt/ros/humble/lib/x86_64-linux-gnu:/opt/ros/humble/lib PYTHONPATH=/home/walter/ros2_ws/build/img_process/prefix_override:/usr/lib/python3/dist-packages/colcon_core/task/python/colcon_distutils_commands:/home/walter/ros2_ws/install/img_process/lib/python3.10/site-packages:${PYTHONPATH} /usr/bin/python3 -W ignore:setup.py install is deprecated setup.py develop --editable --build-directory /home/walter/ros2_ws/build/img_process/build --no-deps symlink_data
[2.975s] DEBUG:colcon.colcon_core.event_handler.log_command:Invoking command in '/home/walter/ros2_ws/build/yolov8_ros': AMENT_PREFIX_PATH=/home/walter/ros2_ws/install/load_img:/home/walter/ros2_ws/src/install/yolov8_ros:/home/walter/ros2_ws/src/install/load_img:/home/walter/ros2_ws/src/install/img_process:/home/walter/ros2_ws/src/install/interfaces_pkg:/home/walter/ros2_ws/src/install/control_motor:/home/walter/ros2_ws/install/yolov8_ros:/home/walter/ros2_ws/install/img_process:/home/walter/ros2_ws/install/interfaces_pkg:/home/walter/ros2_ws/install/control_motor:/home/walter/gcamp_ros2_ws/install/py_topic_pkg:/home/walter/gcamp_ros2_ws/install/gcamp_gazebo:/opt/ros/humble CMAKE_PREFIX_PATH=/home/walter/ros2_ws/install/interfaces_pkg:/home/walter/ros2_ws/src/install/interfaces_pkg:/home/walter/gcamp_ros2_ws/install/gcamp_gazebo LD_LIBRARY_PATH=/home/walter/ros2_ws/install/interfaces_pkg/lib:/home/walter/ros2_ws/src/install/interfaces_pkg/lib:/usr/lib/x86_64-linux-gnu/gazebo-11/plugins:/opt/ros/humble/opt/rviz_ogre_vendor/lib:/opt/ros/humble/lib/x86_64-linux-gnu:/opt/ros/humble/lib PYTHONPATH=/home/walter/ros2_ws/build/yolov8_ros/prefix_override:/usr/lib/python3/dist-packages/colcon_core/task/python/colcon_distutils_commands:/home/walter/ros2_ws/install/yolov8_ros/lib/python3.10/site-packages:/home/walter/ros2_ws/build/load_img:/home/walter/ros2_ws/install/load_img/lib/python3.10/site-packages:/home/walter/ros2_ws/src/build/yolov8_ros:/home/walter/ros2_ws/src/install/yolov8_ros/lib/python3.10/site-packages:/home/walter/ros2_ws/src/build/load_img:/home/walter/ros2_ws/src/install/load_img/lib/python3.10/site-packages:/home/walter/ros2_ws/src/build/img_process:/home/walter/ros2_ws/src/install/img_process/lib/python3.10/site-packages:/home/walter/ros2_ws/src/install/interfaces_pkg/local/lib/python3.10/dist-packages:/home/walter/ros2_ws/src/build/control_motor:/home/walter/ros2_ws/src/install/control_motor/lib/python3.10/site-packages:/home/walter/ros2_ws/build/yolov8_ros:/home/walter/ros2_ws/install/yolov8_ros/lib/python3.10/site-packages:/home/walter/ros2_ws/build/img_process:/home/walter/ros2_ws/install/img_process/lib/python3.10/site-packages:/home/walter/ros2_ws/install/interfaces_pkg/local/lib/python3.10/dist-packages:/home/walter/ros2_ws/build/control_motor:/home/walter/ros2_ws/install/control_motor/lib/python3.10/site-packages:/home/walter/gcamp_ros2_ws/build/py_topic_pkg:/home/walter/gcamp_ros2_ws/install/py_topic_pkg/lib/python3.10/site-packages:/opt/ros/humble/lib/python3.10/site-packages:/opt/ros/humble/local/lib/python3.10/dist-packages /usr/bin/python3 -W ignore:setup.py install is deprecated setup.py develop --editable --build-directory /home/walter/ros2_ws/build/yolov8_ros/build --no-deps symlink_data
[3.083s] Level 1:colcon.colcon_core.shell:create_environment_hook('img_process', 'pythonpath_develop')
[3.084s] INFO:colcon.colcon_core.shell:Creating environment hook '/home/walter/ros2_ws/build/img_process/share/img_process/hook/pythonpath_develop.ps1'
[3.084s] DEBUG:colcon.colcon_core.event_handler.log_command:Invoked command in '/home/walter/ros2_ws/build/img_process' returned '0': CMAKE_PREFIX_PATH=/home/walter/ros2_ws/install/interfaces_pkg:/home/walter/ros2_ws/src/install/interfaces_pkg:/home/walter/gcamp_ros2_ws/install/gcamp_gazebo LD_LIBRARY_PATH=/home/walter/ros2_ws/install/interfaces_pkg/lib:/home/walter/ros2_ws/src/install/interfaces_pkg/lib:/usr/lib/x86_64-linux-gnu/gazebo-11/plugins:/opt/ros/humble/opt/rviz_ogre_vendor/lib:/opt/ros/humble/lib/x86_64-linux-gnu:/opt/ros/humble/lib PYTHONPATH=/home/walter/ros2_ws/build/img_process/prefix_override:/usr/lib/python3/dist-packages/colcon_core/task/python/colcon_distutils_commands:/home/walter/ros2_ws/install/img_process/lib/python3.10/site-packages:${PYTHONPATH} /usr/bin/python3 -W ignore:setup.py install is deprecated setup.py develop --editable --build-directory /home/walter/ros2_ws/build/img_process/build --no-deps symlink_data
[3.085s] INFO:colcon.colcon_core.shell:Creating environment descriptor '/home/walter/ros2_ws/build/img_process/share/img_process/hook/pythonpath_develop.dsv'
[3.086s] INFO:colcon.colcon_core.shell:Creating environment hook '/home/walter/ros2_ws/build/img_process/share/img_process/hook/pythonpath_develop.sh'
[3.086s] Level 1:colcon.colcon_core.environment:checking '/home/walter/ros2_ws/install/img_process' for CMake module files
[3.087s] Level 1:colcon.colcon_core.environment:checking '/home/walter/ros2_ws/install/img_process' for CMake config files
[3.087s] Level 1:colcon.colcon_core.environment:checking '/home/walter/ros2_ws/install/img_process/lib'
[3.087s] Level 1:colcon.colcon_core.environment:checking '/home/walter/ros2_ws/install/img_process/bin'
[3.087s] Level 1:colcon.colcon_core.environment:checking '/home/walter/ros2_ws/install/img_process/lib/pkgconfig/img_process.pc'
[3.088s] Level 1:colcon.colcon_core.environment:checking '/home/walter/ros2_ws/install/img_process/lib/python3.10/site-packages'
[3.088s] Level 1:colcon.colcon_core.shell:create_environment_hook('img_process', 'pythonpath')
[3.088s] INFO:colcon.colcon_core.shell:Creating environment hook '/home/walter/ros2_ws/install/img_process/share/img_process/hook/pythonpath.ps1'
[3.088s] INFO:colcon.colcon_core.shell:Creating environment descriptor '/home/walter/ros2_ws/install/img_process/share/img_process/hook/pythonpath.dsv'
[3.089s] INFO:colcon.colcon_core.shell:Creating environment hook '/home/walter/ros2_ws/install/img_process/share/img_process/hook/pythonpath.sh'
[3.089s] Level 1:colcon.colcon_core.environment:checking '/home/walter/ros2_ws/install/img_process/bin'
[3.089s] Level 1:colcon.colcon_core.environment:create_environment_scripts_only(img_process)
[3.090s] INFO:colcon.colcon_core.shell:Creating package script '/home/walter/ros2_ws/install/img_process/share/img_process/package.ps1'
[3.090s] INFO:colcon.colcon_core.shell:Creating package descriptor '/home/walter/ros2_ws/install/img_process/share/img_process/package.dsv'
[3.091s] INFO:colcon.colcon_core.shell:Creating package script '/home/walter/ros2_ws/install/img_process/share/img_process/package.sh'
[3.091s] INFO:colcon.colcon_core.shell:Creating package script '/home/walter/ros2_ws/install/img_process/share/img_process/package.bash'
[3.092s] INFO:colcon.colcon_core.shell:Creating package script '/home/walter/ros2_ws/install/img_process/share/img_process/package.zsh'
[3.092s] Level 1:colcon.colcon_core.environment:create_file_with_runtime_dependencies(/home/walter/ros2_ws/install/img_process/share/colcon-core/packages/img_process)
[3.513s] Level 1:colcon.colcon_core.shell:create_environment_hook('yolov8_ros', 'pythonpath_develop')
[3.513s] INFO:colcon.colcon_core.shell:Creating environment hook '/home/walter/ros2_ws/build/yolov8_ros/share/yolov8_ros/hook/pythonpath_develop.ps1'
[3.514s] DEBUG:colcon.colcon_core.event_handler.log_command:Invoked command in '/home/walter/ros2_ws/build/yolov8_ros' returned '0': AMENT_PREFIX_PATH=/home/walter/ros2_ws/install/load_img:/home/walter/ros2_ws/src/install/yolov8_ros:/home/walter/ros2_ws/src/install/load_img:/home/walter/ros2_ws/src/install/img_process:/home/walter/ros2_ws/src/install/interfaces_pkg:/home/walter/ros2_ws/src/install/control_motor:/home/walter/ros2_ws/install/yolov8_ros:/home/walter/ros2_ws/install/img_process:/home/walter/ros2_ws/install/interfaces_pkg:/home/walter/ros2_ws/install/control_motor:/home/walter/gcamp_ros2_ws/install/py_topic_pkg:/home/walter/gcamp_ros2_ws/install/gcamp_gazebo:/opt/ros/humble CMAKE_PREFIX_PATH=/home/walter/ros2_ws/install/interfaces_pkg:/home/walter/ros2_ws/src/install/interfaces_pkg:/home/walter/gcamp_ros2_ws/install/gcamp_gazebo LD_LIBRARY_PATH=/home/walter/ros2_ws/install/interfaces_pkg/lib:/home/walter/ros2_ws/src/install/interfaces_pkg/lib:/usr/lib/x86_64-linux-gnu/gazebo-11/plugins:/opt/ros/humble/opt/rviz_ogre_vendor/lib:/opt/ros/humble/lib/x86_64-linux-gnu:/opt/ros/humble/lib PYTHONPATH=/home/walter/ros2_ws/build/yolov8_ros/prefix_override:/usr/lib/python3/dist-packages/colcon_core/task/python/colcon_distutils_commands:/home/walter/ros2_ws/install/yolov8_ros/lib/python3.10/site-packages:/home/walter/ros2_ws/build/load_img:/home/walter/ros2_ws/install/load_img/lib/python3.10/site-packages:/home/walter/ros2_ws/src/build/yolov8_ros:/home/walter/ros2_ws/src/install/yolov8_ros/lib/python3.10/site-packages:/home/walter/ros2_ws/src/build/load_img:/home/walter/ros2_ws/src/install/load_img/lib/python3.10/site-packages:/home/walter/ros2_ws/src/build/img_process:/home/walter/ros2_ws/src/install/img_process/lib/python3.10/site-packages:/home/walter/ros2_ws/src/install/interfaces_pkg/local/lib/python3.10/dist-packages:/home/walter/ros2_ws/src/build/control_motor:/home/walter/ros2_ws/src/install/control_motor/lib/python3.10/site-packages:/home/walter/ros2_ws/build/yolov8_ros:/home/walter/ros2_ws/install/yolov8_ros/lib/python3.10/site-packages:/home/walter/ros2_ws/build/img_process:/home/walter/ros2_ws/install/img_process/lib/python3.10/site-packages:/home/walter/ros2_ws/install/interfaces_pkg/local/lib/python3.10/dist-packages:/home/walter/ros2_ws/build/control_motor:/home/walter/ros2_ws/install/control_motor/lib/python3.10/site-packages:/home/walter/gcamp_ros2_ws/build/py_topic_pkg:/home/walter/gcamp_ros2_ws/install/py_topic_pkg/lib/python3.10/site-packages:/opt/ros/humble/lib/python3.10/site-packages:/opt/ros/humble/local/lib/python3.10/dist-packages /usr/bin/python3 -W ignore:setup.py install is deprecated setup.py develop --editable --build-directory /home/walter/ros2_ws/build/yolov8_ros/build --no-deps symlink_data
[3.514s] INFO:colcon.colcon_core.shell:Creating environment descriptor '/home/walter/ros2_ws/build/yolov8_ros/share/yolov8_ros/hook/pythonpath_develop.dsv'
[3.515s] INFO:colcon.colcon_core.shell:Creating environment hook '/home/walter/ros2_ws/build/yolov8_ros/share/yolov8_ros/hook/pythonpath_develop.sh'
[3.515s] Level 1:colcon.colcon_core.environment:checking '/home/walter/ros2_ws/install/yolov8_ros' for CMake module files
[3.516s] Level 1:colcon.colcon_core.environment:checking '/home/walter/ros2_ws/install/yolov8_ros' for CMake config files
[3.516s] Level 1:colcon.colcon_core.environment:checking '/home/walter/ros2_ws/install/yolov8_ros/lib'
[3.516s] Level 1:colcon.colcon_core.environment:checking '/home/walter/ros2_ws/install/yolov8_ros/bin'
[3.517s] Level 1:colcon.colcon_core.environment:checking '/home/walter/ros2_ws/install/yolov8_ros/lib/pkgconfig/yolov8_ros.pc'
[3.517s] Level 1:colcon.colcon_core.environment:checking '/home/walter/ros2_ws/install/yolov8_ros/lib/python3.10/site-packages'
[3.517s] Level 1:colcon.colcon_core.shell:create_environment_hook('yolov8_ros', 'pythonpath')
[3.517s] INFO:colcon.colcon_core.shell:Creating environment hook '/home/walter/ros2_ws/install/yolov8_ros/share/yolov8_ros/hook/pythonpath.ps1'
[3.517s] INFO:colcon.colcon_core.shell:Creating environment descriptor '/home/walter/ros2_ws/install/yolov8_ros/share/yolov8_ros/hook/pythonpath.dsv'
[3.518s] INFO:colcon.colcon_core.shell:Creating environment hook '/home/walter/ros2_ws/install/yolov8_ros/share/yolov8_ros/hook/pythonpath.sh'
[3.518s] Level 1:colcon.colcon_core.environment:checking '/home/walter/ros2_ws/install/yolov8_ros/bin'
[3.518s] Level 1:colcon.colcon_core.environment:create_environment_scripts_only(yolov8_ros)
[3.519s] INFO:colcon.colcon_core.shell:Creating package script '/home/walter/ros2_ws/install/yolov8_ros/share/yolov8_ros/package.ps1'
[3.519s] INFO:colcon.colcon_core.shell:Creating package descriptor '/home/walter/ros2_ws/install/yolov8_ros/share/yolov8_ros/package.dsv'
[3.520s] INFO:colcon.colcon_core.shell:Creating package script '/home/walter/ros2_ws/install/yolov8_ros/share/yolov8_ros/package.sh'
[3.520s] INFO:colcon.colcon_core.shell:Creating package script '/home/walter/ros2_ws/install/yolov8_ros/share/yolov8_ros/package.bash'
[3.520s] INFO:colcon.colcon_core.shell:Creating package script '/home/walter/ros2_ws/install/yolov8_ros/share/yolov8_ros/package.zsh'
[3.521s] Level 1:colcon.colcon_core.environment:create_file_with_runtime_dependencies(/home/walter/ros2_ws/install/yolov8_ros/share/colcon-core/packages/yolov8_ros)
[3.521s] DEBUG:colcon.colcon_parallel_executor.executor.parallel:closing loop
[3.521s] DEBUG:colcon.colcon_parallel_executor.executor.parallel:loop closed
[3.521s] DEBUG:colcon.colcon_parallel_executor.executor.parallel:run_until_complete finished with '0'
[3.521s] DEBUG:colcon.colcon_core.event_reactor:joining thread
[3.529s] INFO:colcon.colcon_core.plugin_system:Skipping extension 'colcon_notification.desktop_notification.terminal_notifier': Not used on non-Darwin systems
[3.529s] INFO:colcon.colcon_core.plugin_system:Skipping extension 'colcon_notification.desktop_notification.win32': Not used on non-Windows systems
[3.529s] INFO:colcon.colcon_notification.desktop_notification:Sending desktop notification using 'notify2'
[3.549s] DEBUG:colcon.colcon_core.event_reactor:joined thread
[3.549s] INFO:colcon.colcon_core.shell:Creating prefix script '/home/walter/ros2_ws/install/local_setup.ps1'
[3.551s] INFO:colcon.colcon_core.shell:Creating prefix util module '/home/walter/ros2_ws/install/_local_setup_util_ps1.py'
[3.552s] INFO:colcon.colcon_core.shell:Creating prefix chain script '/home/walter/ros2_ws/install/setup.ps1'
[3.554s] INFO:colcon.colcon_core.shell:Creating prefix script '/home/walter/ros2_ws/install/local_setup.sh'
[3.555s] INFO:colcon.colcon_core.shell:Creating prefix util module '/home/walter/ros2_ws/install/_local_setup_util_sh.py'
[3.556s] INFO:colcon.colcon_core.shell:Creating prefix chain script '/home/walter/ros2_ws/install/setup.sh'
[3.557s] INFO:colcon.colcon_core.shell:Creating prefix script '/home/walter/ros2_ws/install/local_setup.bash'
[3.558s] INFO:colcon.colcon_core.shell:Creating prefix chain script '/home/walter/ros2_ws/install/setup.bash'
[3.559s] INFO:colcon.colcon_core.shell:Creating prefix script '/home/walter/ros2_ws/install/local_setup.zsh'
[3.560s] INFO:colcon.colcon_core.shell:Creating prefix chain script '/home/walter/ros2_ws/install/setup.zsh'
