[0.022s] Invoking command in '/home/walter/ros2_ws/build/interfaces_pkg': CMAKE_PREFIX_PATH=${CMAKE_PREFIX_PATH}:/home/walter/ros2_ws/src/install/yolov8_ros:/home/walter/ros2_ws/src/install/load_img:/home/walter/ros2_ws/src/install/img_process:/home/walter/ros2_ws/src/install/control_motor:/home/walter/ros2_ws/install/yolov8_ros:/home/walter/ros2_ws/install/load_img:/home/walter/ros2_ws/install/img_process:/home/walter/ros2_ws/install/control_motor:/home/walter/gcamp_ros2_ws/install/py_topic_pkg:/opt/ros/humble /usr/bin/cmake /home/walter/ros2_ws/src/interfaces_pkg -DAMENT_CMAKE_SYMLINK_INSTALL=1 -DCMAKE_INSTALL_PREFIX=/home/walter/ros2_ws/install/interfaces_pkg
[0.354s] -- The C compiler identification is GNU 11.4.0
[0.355s] -- The CXX compiler identification is GNU 11.4.0
[0.355s] -- Detecting C compiler ABI info
[0.355s] -- Detecting C compiler ABI info - done
[0.355s] -- Check for working C compiler: /usr/bin/cc - skipped
[0.355s] -- Detecting C compile features
[0.355s] -- Detecting C compile features - done
[0.355s] -- Detecting CXX compiler ABI info
[0.369s] -- Detecting CXX compiler ABI info - done
[0.379s] -- Check for working CXX compiler: /usr/bin/c++ - skipped
[0.379s] -- Detecting CXX compile features
[0.379s] -- Detecting CXX compile features - done
[0.383s] -- Found ament_cmake: 1.3.9 (/opt/ros/humble/share/ament_cmake/cmake)
[0.619s] -- Found Python3: /usr/bin/python3 (found version "3.10.12") found components: Interpreter 
[0.699s] -- Override CMake install command with custom implementation using symlinks instead of copying resources
[0.730s] -- Found rosidl_default_generators: 1.2.0 (/opt/ros/humble/share/rosidl_default_generators/cmake)
[0.734s] -- Using all available rosidl_typesupport_c: rosidl_typesupport_fastrtps_c;rosidl_typesupport_introspection_c
[0.741s] -- Found rosidl_adapter: 3.1.5 (/opt/ros/humble/share/rosidl_adapter/cmake)
[0.790s] -- Using all available rosidl_typesupport_cpp: rosidl_typesupport_fastrtps_cpp;rosidl_typesupport_introspection_cpp
[0.831s] -- Found std_msgs: 4.2.4 (/opt/ros/humble/share/std_msgs/cmake)
[0.905s] -- Found geometry_msgs: 4.2.4 (/opt/ros/humble/share/geometry_msgs/cmake)
[1.365s] -- Found ament_cmake_ros: 0.10.0 (/opt/ros/humble/share/ament_cmake_ros/cmake)
[1.679s] -- Using all available rosidl_typesupport_c: rosidl_typesupport_fastrtps_c;rosidl_typesupport_introspection_c
[2.101s] -- Using all available rosidl_typesupport_cpp: rosidl_typesupport_fastrtps_cpp;rosidl_typesupport_introspection_cpp
[2.130s] -- Found PythonInterp: /usr/bin/python3 (found suitable version "3.10.12", minimum required is "3.6") 
[2.132s] -- Found python_cmake_module: 0.10.0 (/opt/ros/humble/share/python_cmake_module/cmake)
[2.171s] -- Found PythonLibs: /usr/lib/x86_64-linux-gnu/libpython3.10.so (found suitable version "3.10.12", minimum required is "3.5") 
[2.171s] -- Using PYTHON_EXECUTABLE: /usr/bin/python3
[2.171s] -- Using PYTHON_INCLUDE_DIRS: /usr/include/python3.10
[2.171s] -- Using PYTHON_LIBRARIES: /usr/lib/x86_64-linux-gnu/libpython3.10.so
[2.199s] -- Found PythonExtra: .so  
[2.289s] -- Configuring done
[2.335s] -- Generating done
[2.337s] -- Build files have been written to: /home/walter/ros2_ws/build/interfaces_pkg
[2.347s] Invoked command in '/home/walter/ros2_ws/build/interfaces_pkg' returned '0': CMAKE_PREFIX_PATH=${CMAKE_PREFIX_PATH}:/home/walter/ros2_ws/src/install/yolov8_ros:/home/walter/ros2_ws/src/install/load_img:/home/walter/ros2_ws/src/install/img_process:/home/walter/ros2_ws/src/install/control_motor:/home/walter/ros2_ws/install/yolov8_ros:/home/walter/ros2_ws/install/load_img:/home/walter/ros2_ws/install/img_process:/home/walter/ros2_ws/install/control_motor:/home/walter/gcamp_ros2_ws/install/py_topic_pkg:/opt/ros/humble /usr/bin/cmake /home/walter/ros2_ws/src/interfaces_pkg -DAMENT_CMAKE_SYMLINK_INSTALL=1 -DCMAKE_INSTALL_PREFIX=/home/walter/ros2_ws/install/interfaces_pkg
[2.351s] Invoking command in '/home/walter/ros2_ws/build/interfaces_pkg': CMAKE_PREFIX_PATH=${CMAKE_PREFIX_PATH}:/home/walter/ros2_ws/src/install/yolov8_ros:/home/walter/ros2_ws/src/install/load_img:/home/walter/ros2_ws/src/install/img_process:/home/walter/ros2_ws/src/install/control_motor:/home/walter/ros2_ws/install/yolov8_ros:/home/walter/ros2_ws/install/load_img:/home/walter/ros2_ws/install/img_process:/home/walter/ros2_ws/install/control_motor:/home/walter/gcamp_ros2_ws/install/py_topic_pkg:/opt/ros/humble /usr/bin/cmake --build /home/walter/ros2_ws/build/interfaces_pkg -- -j16 -l16
[2.407s] [  1%] [34m[1mGenerating C code for ROS interfaces[0m
[2.423s] [  2%] [34m[1mGenerating C++ code for ROS interfaces[0m
[2.434s] [  2%] Built target ament_cmake_python_symlink_interfaces_pkg
[2.747s] running egg_info
[2.747s] creating interfaces_pkg.egg-info
[2.747s] writing interfaces_pkg.egg-info/PKG-INFO
[2.748s] writing dependency_links to interfaces_pkg.egg-info/dependency_links.txt
[2.748s] writing top-level names to interfaces_pkg.egg-info/top_level.txt
[2.748s] writing manifest file 'interfaces_pkg.egg-info/SOURCES.txt'
[2.750s] reading manifest file 'interfaces_pkg.egg-info/SOURCES.txt'
[2.751s] writing manifest file 'interfaces_pkg.egg-info/SOURCES.txt'
[2.787s] [  2%] Built target ament_cmake_python_build_interfaces_pkg_egg
[3.033s] [  2%] Built target interfaces_pkg__cpp
[3.046s] [  3%] [34m[1mGenerating C++ type support dispatch for ROS interfaces[0m
[3.052s] [  5%] [34m[1mGenerating C++ type support for eProsima Fast-RTPS[0m
[3.052s] [  6%] [34m[1mGenerating C++ introspection for ROS interfaces[0m
[3.131s] [  7%] [32mBuilding C object CMakeFiles/interfaces_pkg__rosidl_generator_c.dir/rosidl_generator_c/interfaces_pkg/msg/detail/mask__functions.c.o[0m
[3.132s] [ 10%] [32mBuilding C object CMakeFiles/interfaces_pkg__rosidl_generator_c.dir/rosidl_generator_c/interfaces_pkg/msg/detail/detection__functions.c.o[0m
[3.132s] [ 10%] [32mBuilding C object CMakeFiles/interfaces_pkg__rosidl_generator_c.dir/rosidl_generator_c/interfaces_pkg/msg/detail/bounding_box2_d__functions.c.o[0m
[3.132s] [ 11%] [32mBuilding C object CMakeFiles/interfaces_pkg__rosidl_generator_c.dir/rosidl_generator_c/interfaces_pkg/msg/detail/detection_array__functions.c.o[0m
[3.132s] [ 12%] [32mBuilding C object CMakeFiles/interfaces_pkg__rosidl_generator_c.dir/rosidl_generator_c/interfaces_pkg/msg/detail/lane_info__functions.c.o[0m
[3.133s] [ 13%] [32mBuilding C object CMakeFiles/interfaces_pkg__rosidl_generator_c.dir/rosidl_generator_c/interfaces_pkg/msg/detail/motor__functions.c.o[0m
[3.133s] [ 15%] [32mBuilding C object CMakeFiles/interfaces_pkg__rosidl_generator_c.dir/rosidl_generator_c/interfaces_pkg/msg/detail/point2_d__functions.c.o[0m
[3.216s] [ 16%] [32m[1mLinking C shared library libinterfaces_pkg__rosidl_generator_c.so[0m
[3.261s] [ 16%] Built target interfaces_pkg__rosidl_generator_c
[3.275s] [ 17%] [34m[1mGenerating C type support for eProsima Fast-RTPS[0m
[3.281s] [ 20%] [34m[1mGenerating C type support dispatch for ROS interfaces[0m
[3.281s] [ 20%] [34m[1mGenerating C introspection for ROS interfaces[0m
[3.512s] [ 21%] [32mBuilding CXX object CMakeFiles/interfaces_pkg__rosidl_typesupport_cpp.dir/rosidl_typesupport_cpp/interfaces_pkg/msg/bounding_box2_d__type_support.cpp.o[0m
[3.517s] [ 24%] [32mBuilding CXX object CMakeFiles/interfaces_pkg__rosidl_typesupport_cpp.dir/rosidl_typesupport_cpp/interfaces_pkg/msg/detection_array__type_support.cpp.o[0m
[3.517s] [ 24%] [32mBuilding CXX object CMakeFiles/interfaces_pkg__rosidl_typesupport_cpp.dir/rosidl_typesupport_cpp/interfaces_pkg/msg/mask__type_support.cpp.o[0m
[3.517s] [ 26%] [32mBuilding CXX object CMakeFiles/interfaces_pkg__rosidl_typesupport_cpp.dir/rosidl_typesupport_cpp/interfaces_pkg/msg/point2_d__type_support.cpp.o[0m
[3.517s] [ 26%] [32mBuilding CXX object CMakeFiles/interfaces_pkg__rosidl_typesupport_cpp.dir/rosidl_typesupport_cpp/interfaces_pkg/msg/detection__type_support.cpp.o[0m
[3.518s] [ 27%] [32mBuilding CXX object CMakeFiles/interfaces_pkg__rosidl_typesupport_cpp.dir/rosidl_typesupport_cpp/interfaces_pkg/msg/motor__type_support.cpp.o[0m
[3.519s] [ 29%] [32mBuilding CXX object CMakeFiles/interfaces_pkg__rosidl_typesupport_cpp.dir/rosidl_typesupport_cpp/interfaces_pkg/msg/lane_info__type_support.cpp.o[0m
[3.894s] [ 30%] [32mBuilding CXX object CMakeFiles/interfaces_pkg__rosidl_typesupport_introspection_cpp.dir/rosidl_typesupport_introspection_cpp/interfaces_pkg/msg/detail/bounding_box2_d__type_support.cpp.o[0m
[3.895s] [ 31%] [32mBuilding CXX object CMakeFiles/interfaces_pkg__rosidl_typesupport_introspection_cpp.dir/rosidl_typesupport_introspection_cpp/interfaces_pkg/msg/detail/detection__type_support.cpp.o[0m
[3.895s] [ 32%] [32mBuilding CXX object CMakeFiles/interfaces_pkg__rosidl_typesupport_introspection_cpp.dir/rosidl_typesupport_introspection_cpp/interfaces_pkg/msg/detail/detection_array__type_support.cpp.o[0m
[3.896s] [ 34%] [32mBuilding CXX object CMakeFiles/interfaces_pkg__rosidl_typesupport_introspection_cpp.dir/rosidl_typesupport_introspection_cpp/interfaces_pkg/msg/detail/motor__type_support.cpp.o[0m
[3.900s] [ 35%] [32mBuilding CXX object CMakeFiles/interfaces_pkg__rosidl_typesupport_introspection_cpp.dir/rosidl_typesupport_introspection_cpp/interfaces_pkg/msg/detail/lane_info__type_support.cpp.o[0m
[3.904s] [ 36%] [32mBuilding CXX object CMakeFiles/interfaces_pkg__rosidl_typesupport_introspection_cpp.dir/rosidl_typesupport_introspection_cpp/interfaces_pkg/msg/detail/point2_d__type_support.cpp.o[0m
[3.904s] [ 37%] [32mBuilding CXX object CMakeFiles/interfaces_pkg__rosidl_typesupport_introspection_cpp.dir/rosidl_typesupport_introspection_cpp/interfaces_pkg/msg/detail/mask__type_support.cpp.o[0m
[3.905s] [ 39%] [32mBuilding CXX object CMakeFiles/interfaces_pkg__rosidl_typesupport_c.dir/rosidl_typesupport_c/interfaces_pkg/msg/bounding_box2_d__type_support.cpp.o[0m
[3.909s] [ 40%] [32mBuilding CXX object CMakeFiles/interfaces_pkg__rosidl_typesupport_c.dir/rosidl_typesupport_c/interfaces_pkg/msg/detection__type_support.cpp.o[0m
[3.955s] [ 41%] [32mBuilding CXX object CMakeFiles/interfaces_pkg__rosidl_typesupport_c.dir/rosidl_typesupport_c/interfaces_pkg/msg/detection_array__type_support.cpp.o[0m
[3.957s] [ 43%] [32mBuilding CXX object CMakeFiles/interfaces_pkg__rosidl_typesupport_c.dir/rosidl_typesupport_c/interfaces_pkg/msg/mask__type_support.cpp.o[0m
[3.976s] [ 44%] [32mBuilding CXX object CMakeFiles/interfaces_pkg__rosidl_typesupport_c.dir/rosidl_typesupport_c/interfaces_pkg/msg/motor__type_support.cpp.o[0m
[4.007s] [ 45%] [32mBuilding CXX object CMakeFiles/interfaces_pkg__rosidl_typesupport_c.dir/rosidl_typesupport_c/interfaces_pkg/msg/point2_d__type_support.cpp.o[0m
[4.019s] [ 46%] [32mBuilding CXX object CMakeFiles/interfaces_pkg__rosidl_typesupport_c.dir/rosidl_typesupport_c/interfaces_pkg/msg/lane_info__type_support.cpp.o[0m
[4.039s] [ 48%] [32m[1mLinking CXX shared library libinterfaces_pkg__rosidl_typesupport_cpp.so[0m
[4.075s] [ 49%] [32m[1mLinking CXX shared library libinterfaces_pkg__rosidl_typesupport_c.so[0m
[4.108s] [ 51%] [32mBuilding CXX object CMakeFiles/interfaces_pkg__rosidl_typesupport_fastrtps_c.dir/rosidl_typesupport_fastrtps_c/interfaces_pkg/msg/detail/detection__type_support_c.cpp.o[0m
[4.108s] [ 51%] [32mBuilding CXX object CMakeFiles/interfaces_pkg__rosidl_typesupport_fastrtps_c.dir/rosidl_typesupport_fastrtps_c/interfaces_pkg/msg/detail/bounding_box2_d__type_support_c.cpp.o[0m
[4.111s] [ 53%] [32mBuilding CXX object CMakeFiles/interfaces_pkg__rosidl_typesupport_fastrtps_c.dir/rosidl_typesupport_fastrtps_c/interfaces_pkg/msg/detail/detection_array__type_support_c.cpp.o[0m
[4.127s] [ 54%] [32mBuilding CXX object CMakeFiles/interfaces_pkg__rosidl_typesupport_fastrtps_c.dir/rosidl_typesupport_fastrtps_c/interfaces_pkg/msg/detail/motor__type_support_c.cpp.o[0m
[4.128s] [ 55%] [32mBuilding CXX object CMakeFiles/interfaces_pkg__rosidl_typesupport_fastrtps_cpp.dir/rosidl_typesupport_fastrtps_cpp/interfaces_pkg/msg/detail/dds_fastrtps/bounding_box2_d__type_support.cpp.o[0m
[4.135s] [ 56%] [32mBuilding CXX object CMakeFiles/interfaces_pkg__rosidl_typesupport_fastrtps_c.dir/rosidl_typesupport_fastrtps_c/interfaces_pkg/msg/detail/mask__type_support_c.cpp.o[0m
[4.145s] [ 56%] Built target interfaces_pkg__rosidl_typesupport_c
[4.166s] [ 56%] Built target interfaces_pkg__rosidl_typesupport_cpp
[4.172s] [ 58%] [32mBuilding CXX object CMakeFiles/interfaces_pkg__rosidl_typesupport_fastrtps_cpp.dir/rosidl_typesupport_fastrtps_cpp/interfaces_pkg/msg/detail/dds_fastrtps/detection__type_support.cpp.o[0m
[4.324s] [ 59%] [32mBuilding CXX object CMakeFiles/interfaces_pkg__rosidl_typesupport_fastrtps_cpp.dir/rosidl_typesupport_fastrtps_cpp/interfaces_pkg/msg/detail/dds_fastrtps/detection_array__type_support.cpp.o[0m
[4.409s] [ 60%] [32mBuilding C object CMakeFiles/interfaces_pkg__rosidl_typesupport_introspection_c.dir/rosidl_typesupport_introspection_c/interfaces_pkg/msg/detail/bounding_box2_d__type_support.c.o[0m
[4.592s] [ 62%] [32mBuilding C object CMakeFiles/interfaces_pkg__rosidl_typesupport_introspection_c.dir/rosidl_typesupport_introspection_c/interfaces_pkg/msg/detail/detection_array__type_support.c.o[0m
[4.620s] [ 63%] [32mBuilding C object CMakeFiles/interfaces_pkg__rosidl_typesupport_introspection_c.dir/rosidl_typesupport_introspection_c/interfaces_pkg/msg/detail/mask__type_support.c.o[0m
[4.628s] [ 64%] [32mBuilding C object CMakeFiles/interfaces_pkg__rosidl_typesupport_introspection_c.dir/rosidl_typesupport_introspection_c/interfaces_pkg/msg/detail/detection__type_support.c.o[0m
[4.649s] [ 65%] [32mBuilding C object CMakeFiles/interfaces_pkg__rosidl_typesupport_introspection_c.dir/rosidl_typesupport_introspection_c/interfaces_pkg/msg/detail/motor__type_support.c.o[0m
[4.679s] [ 68%] [32mBuilding CXX object CMakeFiles/interfaces_pkg__rosidl_typesupport_fastrtps_cpp.dir/rosidl_typesupport_fastrtps_cpp/interfaces_pkg/msg/detail/dds_fastrtps/mask__type_support.cpp.o[0m
[4.679s] [ 68%] [32mBuilding C object CMakeFiles/interfaces_pkg__rosidl_typesupport_introspection_c.dir/rosidl_typesupport_introspection_c/interfaces_pkg/msg/detail/point2_d__type_support.c.o[0m
[4.683s] [ 69%] [32mBuilding CXX object CMakeFiles/interfaces_pkg__rosidl_typesupport_fastrtps_c.dir/rosidl_typesupport_fastrtps_c/interfaces_pkg/msg/detail/point2_d__type_support_c.cpp.o[0m
[4.695s] [ 70%] [32mBuilding CXX object CMakeFiles/interfaces_pkg__rosidl_typesupport_fastrtps_c.dir/rosidl_typesupport_fastrtps_c/interfaces_pkg/msg/detail/lane_info__type_support_c.cpp.o[0m
[4.711s] [ 72%] [32mBuilding C object CMakeFiles/interfaces_pkg__rosidl_typesupport_introspection_c.dir/rosidl_typesupport_introspection_c/interfaces_pkg/msg/detail/lane_info__type_support.c.o[0m
[4.712s] [ 73%] [32mBuilding CXX object CMakeFiles/interfaces_pkg__rosidl_typesupport_fastrtps_cpp.dir/rosidl_typesupport_fastrtps_cpp/interfaces_pkg/msg/detail/dds_fastrtps/point2_d__type_support.cpp.o[0m
[4.721s] [ 74%] [32mBuilding CXX object CMakeFiles/interfaces_pkg__rosidl_typesupport_fastrtps_cpp.dir/rosidl_typesupport_fastrtps_cpp/interfaces_pkg/msg/detail/dds_fastrtps/motor__type_support.cpp.o[0m
[4.728s] [ 75%] [32mBuilding CXX object CMakeFiles/interfaces_pkg__rosidl_typesupport_fastrtps_cpp.dir/rosidl_typesupport_fastrtps_cpp/interfaces_pkg/msg/detail/dds_fastrtps/lane_info__type_support.cpp.o[0m
[4.772s] [ 77%] [32m[1mLinking C shared library libinterfaces_pkg__rosidl_typesupport_introspection_c.so[0m
[4.814s] [ 77%] Built target interfaces_pkg__rosidl_typesupport_introspection_c
[4.834s] [ 78%] [32m[1mLinking CXX shared library libinterfaces_pkg__rosidl_typesupport_introspection_cpp.so[0m
[4.987s] [ 78%] Built target interfaces_pkg__rosidl_typesupport_introspection_cpp
[5.150s] [ 79%] [32m[1mLinking CXX shared library libinterfaces_pkg__rosidl_typesupport_fastrtps_c.so[0m
[5.264s] [ 79%] Built target interfaces_pkg__rosidl_typesupport_fastrtps_c
[5.382s] [ 81%] [32m[1mLinking CXX shared library libinterfaces_pkg__rosidl_typesupport_fastrtps_cpp.so[0m
[5.469s] [ 81%] Built target interfaces_pkg__rosidl_typesupport_fastrtps_cpp
[5.491s] [ 81%] Built target interfaces_pkg
[5.519s] [ 82%] [34m[1mGenerating Python code for ROS interfaces[0m
[6.397s] [ 82%] Built target interfaces_pkg__py
[6.423s] [ 84%] [32mBuilding C object CMakeFiles/interfaces_pkg__rosidl_generator_py.dir/rosidl_generator_py/interfaces_pkg/msg/_detection_s.c.o[0m
[6.424s] [ 84%] [32mBuilding C object CMakeFiles/interfaces_pkg__rosidl_generator_py.dir/rosidl_generator_py/interfaces_pkg/msg/_bounding_box2_d_s.c.o[0m
[6.424s] [ 86%] [32mBuilding C object CMakeFiles/interfaces_pkg__rosidl_generator_py.dir/rosidl_generator_py/interfaces_pkg/msg/_detection_array_s.c.o[0m
[6.425s] [ 87%] [32mBuilding C object CMakeFiles/interfaces_pkg__rosidl_generator_py.dir/rosidl_generator_py/interfaces_pkg/msg/_point2_d_s.c.o[0m
[6.427s] [ 88%] [32mBuilding C object CMakeFiles/interfaces_pkg__rosidl_generator_py.dir/rosidl_generator_py/interfaces_pkg/msg/_mask_s.c.o[0m
[6.427s] [ 91%] [32mBuilding C object CMakeFiles/interfaces_pkg__rosidl_generator_py.dir/rosidl_generator_py/interfaces_pkg/msg/_lane_info_s.c.o[0m
[6.427s] [ 91%] [32mBuilding C object CMakeFiles/interfaces_pkg__rosidl_generator_py.dir/rosidl_generator_py/interfaces_pkg/msg/_motor_s.c.o[0m
[6.593s] [ 92%] [32m[1mLinking C shared library rosidl_generator_py/interfaces_pkg/libinterfaces_pkg__rosidl_generator_py.so[0m
[6.642s] [ 92%] Built target interfaces_pkg__rosidl_generator_py
[6.670s] [ 96%] [32mBuilding C object CMakeFiles/interfaces_pkg__rosidl_typesupport_introspection_c__pyext.dir/rosidl_generator_py/interfaces_pkg/_interfaces_pkg_s.ep.rosidl_typesupport_introspection_c.c.o[0m
[6.671s] [ 93%] [32mBuilding C object CMakeFiles/interfaces_pkg__rosidl_typesupport_fastrtps_c__pyext.dir/rosidl_generator_py/interfaces_pkg/_interfaces_pkg_s.ep.rosidl_typesupport_fastrtps_c.c.o[0m
[6.671s] [ 96%] [32mBuilding C object CMakeFiles/interfaces_pkg__rosidl_typesupport_c__pyext.dir/rosidl_generator_py/interfaces_pkg/_interfaces_pkg_s.ep.rosidl_typesupport_c.c.o[0m
[6.792s] [ 97%] [32m[1mLinking C shared library rosidl_generator_py/interfaces_pkg/interfaces_pkg_s__rosidl_typesupport_introspection_c.cpython-310-x86_64-linux-gnu.so[0m
[6.793s] [ 98%] [32m[1mLinking C shared library rosidl_generator_py/interfaces_pkg/interfaces_pkg_s__rosidl_typesupport_c.cpython-310-x86_64-linux-gnu.so[0m
[6.796s] [100%] [32m[1mLinking C shared library rosidl_generator_py/interfaces_pkg/interfaces_pkg_s__rosidl_typesupport_fastrtps_c.cpython-310-x86_64-linux-gnu.so[0m
[6.834s] [100%] Built target interfaces_pkg__rosidl_typesupport_introspection_c__pyext
[6.835s] [100%] Built target interfaces_pkg__rosidl_typesupport_c__pyext
[6.838s] [100%] Built target interfaces_pkg__rosidl_typesupport_fastrtps_c__pyext
[6.853s] Invoked command in '/home/walter/ros2_ws/build/interfaces_pkg' returned '0': CMAKE_PREFIX_PATH=${CMAKE_PREFIX_PATH}:/home/walter/ros2_ws/src/install/yolov8_ros:/home/walter/ros2_ws/src/install/load_img:/home/walter/ros2_ws/src/install/img_process:/home/walter/ros2_ws/src/install/control_motor:/home/walter/ros2_ws/install/yolov8_ros:/home/walter/ros2_ws/install/load_img:/home/walter/ros2_ws/install/img_process:/home/walter/ros2_ws/install/control_motor:/home/walter/gcamp_ros2_ws/install/py_topic_pkg:/opt/ros/humble /usr/bin/cmake --build /home/walter/ros2_ws/build/interfaces_pkg -- -j16 -l16
[7.067s] Invoking command in '/home/walter/ros2_ws/build/interfaces_pkg': CMAKE_PREFIX_PATH=${CMAKE_PREFIX_PATH}:/home/walter/ros2_ws/src/install/yolov8_ros:/home/walter/ros2_ws/src/install/load_img:/home/walter/ros2_ws/src/install/img_process:/home/walter/ros2_ws/src/install/control_motor:/home/walter/ros2_ws/install/yolov8_ros:/home/walter/ros2_ws/install/load_img:/home/walter/ros2_ws/install/img_process:/home/walter/ros2_ws/install/control_motor:/home/walter/gcamp_ros2_ws/install/py_topic_pkg:/opt/ros/humble /usr/bin/cmake --install /home/walter/ros2_ws/build/interfaces_pkg
[7.076s] -- Install configuration: ""
[7.077s] -- Execute custom install script
[7.077s] -- Symlinking: /home/walter/ros2_ws/install/interfaces_pkg/share/ament_index/resource_index/rosidl_interfaces/interfaces_pkg
[7.087s] -- Symlinking: /home/walter/ros2_ws/install/interfaces_pkg/include/interfaces_pkg/interfaces_pkg/msg/bounding_box2_d.h
[7.097s] -- Symlinking: /home/walter/ros2_ws/install/interfaces_pkg/include/interfaces_pkg/interfaces_pkg/msg/detail/bounding_box2_d__functions.h
[7.106s] -- Symlinking: /home/walter/ros2_ws/install/interfaces_pkg/include/interfaces_pkg/interfaces_pkg/msg/detail/bounding_box2_d__struct.h
[7.115s] -- Symlinking: /home/walter/ros2_ws/install/interfaces_pkg/include/interfaces_pkg/interfaces_pkg/msg/detail/bounding_box2_d__type_support.h
[7.124s] -- Symlinking: /home/walter/ros2_ws/install/interfaces_pkg/include/interfaces_pkg/interfaces_pkg/msg/detail/detection__functions.h
[7.134s] -- Symlinking: /home/walter/ros2_ws/install/interfaces_pkg/include/interfaces_pkg/interfaces_pkg/msg/detail/detection__struct.h
[7.144s] -- Symlinking: /home/walter/ros2_ws/install/interfaces_pkg/include/interfaces_pkg/interfaces_pkg/msg/detail/detection__type_support.h
[7.155s] -- Symlinking: /home/walter/ros2_ws/install/interfaces_pkg/include/interfaces_pkg/interfaces_pkg/msg/detail/detection_array__functions.h
[7.167s] -- Symlinking: /home/walter/ros2_ws/install/interfaces_pkg/include/interfaces_pkg/interfaces_pkg/msg/detail/detection_array__struct.h
[7.177s] -- Symlinking: /home/walter/ros2_ws/install/interfaces_pkg/include/interfaces_pkg/interfaces_pkg/msg/detail/detection_array__type_support.h
[7.187s] -- Symlinking: /home/walter/ros2_ws/install/interfaces_pkg/include/interfaces_pkg/interfaces_pkg/msg/detail/lane_info__functions.h
[7.196s] -- Symlinking: /home/walter/ros2_ws/install/interfaces_pkg/include/interfaces_pkg/interfaces_pkg/msg/detail/lane_info__struct.h
[7.206s] -- Symlinking: /home/walter/ros2_ws/install/interfaces_pkg/include/interfaces_pkg/interfaces_pkg/msg/detail/lane_info__type_support.h
[7.215s] -- Symlinking: /home/walter/ros2_ws/install/interfaces_pkg/include/interfaces_pkg/interfaces_pkg/msg/detail/mask__functions.h
[7.225s] -- Symlinking: /home/walter/ros2_ws/install/interfaces_pkg/include/interfaces_pkg/interfaces_pkg/msg/detail/mask__struct.h
[7.234s] -- Symlinking: /home/walter/ros2_ws/install/interfaces_pkg/include/interfaces_pkg/interfaces_pkg/msg/detail/mask__type_support.h
[7.244s] -- Symlinking: /home/walter/ros2_ws/install/interfaces_pkg/include/interfaces_pkg/interfaces_pkg/msg/detail/motor__functions.h
[7.254s] -- Symlinking: /home/walter/ros2_ws/install/interfaces_pkg/include/interfaces_pkg/interfaces_pkg/msg/detail/motor__struct.h
[7.264s] -- Symlinking: /home/walter/ros2_ws/install/interfaces_pkg/include/interfaces_pkg/interfaces_pkg/msg/detail/motor__type_support.h
[7.275s] -- Symlinking: /home/walter/ros2_ws/install/interfaces_pkg/include/interfaces_pkg/interfaces_pkg/msg/detail/point2_d__functions.h
[7.284s] -- Symlinking: /home/walter/ros2_ws/install/interfaces_pkg/include/interfaces_pkg/interfaces_pkg/msg/detail/point2_d__struct.h
[7.294s] -- Symlinking: /home/walter/ros2_ws/install/interfaces_pkg/include/interfaces_pkg/interfaces_pkg/msg/detail/point2_d__type_support.h
[7.304s] -- Symlinking: /home/walter/ros2_ws/install/interfaces_pkg/include/interfaces_pkg/interfaces_pkg/msg/detection.h
[7.313s] -- Symlinking: /home/walter/ros2_ws/install/interfaces_pkg/include/interfaces_pkg/interfaces_pkg/msg/detection_array.h
[7.323s] -- Symlinking: /home/walter/ros2_ws/install/interfaces_pkg/include/interfaces_pkg/interfaces_pkg/msg/lane_info.h
[7.332s] -- Symlinking: /home/walter/ros2_ws/install/interfaces_pkg/include/interfaces_pkg/interfaces_pkg/msg/mask.h
[7.341s] -- Symlinking: /home/walter/ros2_ws/install/interfaces_pkg/include/interfaces_pkg/interfaces_pkg/msg/motor.h
[7.351s] -- Symlinking: /home/walter/ros2_ws/install/interfaces_pkg/include/interfaces_pkg/interfaces_pkg/msg/point2_d.h
[7.361s] -- Symlinking: /home/walter/ros2_ws/install/interfaces_pkg/include/interfaces_pkg/interfaces_pkg/msg/rosidl_generator_c__visibility_control.h
[7.372s] -- Symlinking: /home/walter/ros2_ws/install/interfaces_pkg/share/interfaces_pkg/environment/library_path.sh
[7.381s] -- Symlinking: /home/walter/ros2_ws/install/interfaces_pkg/share/interfaces_pkg/environment/library_path.dsv
[7.391s] -- Symlinking: /home/walter/ros2_ws/install/interfaces_pkg/include/interfaces_pkg/interfaces_pkg/msg/detail/bounding_box2_d__rosidl_typesupport_fastrtps_c.h
[7.401s] -- Symlinking: /home/walter/ros2_ws/install/interfaces_pkg/include/interfaces_pkg/interfaces_pkg/msg/detail/detection__rosidl_typesupport_fastrtps_c.h
[7.410s] -- Symlinking: /home/walter/ros2_ws/install/interfaces_pkg/include/interfaces_pkg/interfaces_pkg/msg/detail/detection_array__rosidl_typesupport_fastrtps_c.h
[7.420s] -- Symlinking: /home/walter/ros2_ws/install/interfaces_pkg/include/interfaces_pkg/interfaces_pkg/msg/detail/lane_info__rosidl_typesupport_fastrtps_c.h
[7.430s] -- Symlinking: /home/walter/ros2_ws/install/interfaces_pkg/include/interfaces_pkg/interfaces_pkg/msg/detail/mask__rosidl_typesupport_fastrtps_c.h
[7.439s] -- Symlinking: /home/walter/ros2_ws/install/interfaces_pkg/include/interfaces_pkg/interfaces_pkg/msg/detail/motor__rosidl_typesupport_fastrtps_c.h
[7.448s] -- Symlinking: /home/walter/ros2_ws/install/interfaces_pkg/include/interfaces_pkg/interfaces_pkg/msg/detail/point2_d__rosidl_typesupport_fastrtps_c.h
[7.458s] -- Symlinking: /home/walter/ros2_ws/install/interfaces_pkg/include/interfaces_pkg/interfaces_pkg/msg/rosidl_typesupport_fastrtps_c__visibility_control.h
[7.470s] -- Symlinking: /home/walter/ros2_ws/install/interfaces_pkg/include/interfaces_pkg/interfaces_pkg/msg/detail/bounding_box2_d__rosidl_typesupport_introspection_c.h
[7.480s] -- Symlinking: /home/walter/ros2_ws/install/interfaces_pkg/include/interfaces_pkg/interfaces_pkg/msg/detail/detection__rosidl_typesupport_introspection_c.h
[7.490s] -- Symlinking: /home/walter/ros2_ws/install/interfaces_pkg/include/interfaces_pkg/interfaces_pkg/msg/detail/detection_array__rosidl_typesupport_introspection_c.h
[7.501s] -- Symlinking: /home/walter/ros2_ws/install/interfaces_pkg/include/interfaces_pkg/interfaces_pkg/msg/detail/lane_info__rosidl_typesupport_introspection_c.h
[7.512s] -- Symlinking: /home/walter/ros2_ws/install/interfaces_pkg/include/interfaces_pkg/interfaces_pkg/msg/detail/mask__rosidl_typesupport_introspection_c.h
[7.522s] -- Symlinking: /home/walter/ros2_ws/install/interfaces_pkg/include/interfaces_pkg/interfaces_pkg/msg/detail/motor__rosidl_typesupport_introspection_c.h
[7.531s] -- Symlinking: /home/walter/ros2_ws/install/interfaces_pkg/include/interfaces_pkg/interfaces_pkg/msg/detail/point2_d__rosidl_typesupport_introspection_c.h
[7.540s] -- Symlinking: /home/walter/ros2_ws/install/interfaces_pkg/include/interfaces_pkg/interfaces_pkg/msg/rosidl_typesupport_introspection_c__visibility_control.h
[7.550s] -- Symlinking: /home/walter/ros2_ws/install/interfaces_pkg/include/interfaces_pkg/interfaces_pkg/msg/bounding_box2_d.hpp
[7.560s] -- Symlinking: /home/walter/ros2_ws/install/interfaces_pkg/include/interfaces_pkg/interfaces_pkg/msg/detail/bounding_box2_d__builder.hpp
[7.571s] -- Symlinking: /home/walter/ros2_ws/install/interfaces_pkg/include/interfaces_pkg/interfaces_pkg/msg/detail/bounding_box2_d__struct.hpp
[7.581s] -- Symlinking: /home/walter/ros2_ws/install/interfaces_pkg/include/interfaces_pkg/interfaces_pkg/msg/detail/bounding_box2_d__traits.hpp
[7.591s] -- Symlinking: /home/walter/ros2_ws/install/interfaces_pkg/include/interfaces_pkg/interfaces_pkg/msg/detail/detection__builder.hpp
[7.600s] -- Symlinking: /home/walter/ros2_ws/install/interfaces_pkg/include/interfaces_pkg/interfaces_pkg/msg/detail/detection__struct.hpp
[7.609s] -- Symlinking: /home/walter/ros2_ws/install/interfaces_pkg/include/interfaces_pkg/interfaces_pkg/msg/detail/detection__traits.hpp
[7.619s] -- Symlinking: /home/walter/ros2_ws/install/interfaces_pkg/include/interfaces_pkg/interfaces_pkg/msg/detail/detection_array__builder.hpp
[7.628s] -- Symlinking: /home/walter/ros2_ws/install/interfaces_pkg/include/interfaces_pkg/interfaces_pkg/msg/detail/detection_array__struct.hpp
[7.637s] -- Symlinking: /home/walter/ros2_ws/install/interfaces_pkg/include/interfaces_pkg/interfaces_pkg/msg/detail/detection_array__traits.hpp
[7.647s] -- Symlinking: /home/walter/ros2_ws/install/interfaces_pkg/include/interfaces_pkg/interfaces_pkg/msg/detail/lane_info__builder.hpp
[7.657s] -- Symlinking: /home/walter/ros2_ws/install/interfaces_pkg/include/interfaces_pkg/interfaces_pkg/msg/detail/lane_info__struct.hpp
[7.667s] -- Symlinking: /home/walter/ros2_ws/install/interfaces_pkg/include/interfaces_pkg/interfaces_pkg/msg/detail/lane_info__traits.hpp
[7.676s] -- Symlinking: /home/walter/ros2_ws/install/interfaces_pkg/include/interfaces_pkg/interfaces_pkg/msg/detail/mask__builder.hpp
[7.685s] -- Symlinking: /home/walter/ros2_ws/install/interfaces_pkg/include/interfaces_pkg/interfaces_pkg/msg/detail/mask__struct.hpp
[7.693s] -- Symlinking: /home/walter/ros2_ws/install/interfaces_pkg/include/interfaces_pkg/interfaces_pkg/msg/detail/mask__traits.hpp
[7.702s] -- Symlinking: /home/walter/ros2_ws/install/interfaces_pkg/include/interfaces_pkg/interfaces_pkg/msg/detail/motor__builder.hpp
[7.711s] -- Symlinking: /home/walter/ros2_ws/install/interfaces_pkg/include/interfaces_pkg/interfaces_pkg/msg/detail/motor__struct.hpp
[7.719s] -- Symlinking: /home/walter/ros2_ws/install/interfaces_pkg/include/interfaces_pkg/interfaces_pkg/msg/detail/motor__traits.hpp
[7.728s] -- Symlinking: /home/walter/ros2_ws/install/interfaces_pkg/include/interfaces_pkg/interfaces_pkg/msg/detail/point2_d__builder.hpp
[7.737s] -- Symlinking: /home/walter/ros2_ws/install/interfaces_pkg/include/interfaces_pkg/interfaces_pkg/msg/detail/point2_d__struct.hpp
[7.749s] -- Symlinking: /home/walter/ros2_ws/install/interfaces_pkg/include/interfaces_pkg/interfaces_pkg/msg/detail/point2_d__traits.hpp
[7.758s] -- Symlinking: /home/walter/ros2_ws/install/interfaces_pkg/include/interfaces_pkg/interfaces_pkg/msg/detection.hpp
[7.767s] -- Symlinking: /home/walter/ros2_ws/install/interfaces_pkg/include/interfaces_pkg/interfaces_pkg/msg/detection_array.hpp
[7.776s] -- Symlinking: /home/walter/ros2_ws/install/interfaces_pkg/include/interfaces_pkg/interfaces_pkg/msg/lane_info.hpp
[7.785s] -- Symlinking: /home/walter/ros2_ws/install/interfaces_pkg/include/interfaces_pkg/interfaces_pkg/msg/mask.hpp
[7.793s] -- Symlinking: /home/walter/ros2_ws/install/interfaces_pkg/include/interfaces_pkg/interfaces_pkg/msg/motor.hpp
[7.802s] -- Symlinking: /home/walter/ros2_ws/install/interfaces_pkg/include/interfaces_pkg/interfaces_pkg/msg/point2_d.hpp
[7.811s] -- Symlinking: /home/walter/ros2_ws/install/interfaces_pkg/include/interfaces_pkg/interfaces_pkg/msg/detail/bounding_box2_d__rosidl_typesupport_fastrtps_cpp.hpp
[7.820s] -- Symlinking: /home/walter/ros2_ws/install/interfaces_pkg/include/interfaces_pkg/interfaces_pkg/msg/detail/detection__rosidl_typesupport_fastrtps_cpp.hpp
[7.829s] -- Symlinking: /home/walter/ros2_ws/install/interfaces_pkg/include/interfaces_pkg/interfaces_pkg/msg/detail/detection_array__rosidl_typesupport_fastrtps_cpp.hpp
[7.837s] -- Symlinking: /home/walter/ros2_ws/install/interfaces_pkg/include/interfaces_pkg/interfaces_pkg/msg/detail/lane_info__rosidl_typesupport_fastrtps_cpp.hpp
[7.846s] -- Symlinking: /home/walter/ros2_ws/install/interfaces_pkg/include/interfaces_pkg/interfaces_pkg/msg/detail/mask__rosidl_typesupport_fastrtps_cpp.hpp
[7.855s] -- Symlinking: /home/walter/ros2_ws/install/interfaces_pkg/include/interfaces_pkg/interfaces_pkg/msg/detail/motor__rosidl_typesupport_fastrtps_cpp.hpp
[7.864s] -- Symlinking: /home/walter/ros2_ws/install/interfaces_pkg/include/interfaces_pkg/interfaces_pkg/msg/detail/point2_d__rosidl_typesupport_fastrtps_cpp.hpp
[7.873s] -- Symlinking: /home/walter/ros2_ws/install/interfaces_pkg/include/interfaces_pkg/interfaces_pkg/msg/rosidl_typesupport_fastrtps_cpp__visibility_control.h
[7.882s] -- Symlinking: /home/walter/ros2_ws/install/interfaces_pkg/include/interfaces_pkg/interfaces_pkg/msg/detail/bounding_box2_d__rosidl_typesupport_introspection_cpp.hpp
[7.891s] -- Symlinking: /home/walter/ros2_ws/install/interfaces_pkg/include/interfaces_pkg/interfaces_pkg/msg/detail/detection__rosidl_typesupport_introspection_cpp.hpp
[7.900s] -- Symlinking: /home/walter/ros2_ws/install/interfaces_pkg/include/interfaces_pkg/interfaces_pkg/msg/detail/detection_array__rosidl_typesupport_introspection_cpp.hpp
[7.909s] -- Symlinking: /home/walter/ros2_ws/install/interfaces_pkg/include/interfaces_pkg/interfaces_pkg/msg/detail/lane_info__rosidl_typesupport_introspection_cpp.hpp
[7.918s] -- Symlinking: /home/walter/ros2_ws/install/interfaces_pkg/include/interfaces_pkg/interfaces_pkg/msg/detail/mask__rosidl_typesupport_introspection_cpp.hpp
[7.926s] -- Symlinking: /home/walter/ros2_ws/install/interfaces_pkg/include/interfaces_pkg/interfaces_pkg/msg/detail/motor__rosidl_typesupport_introspection_cpp.hpp
[7.935s] -- Symlinking: /home/walter/ros2_ws/install/interfaces_pkg/include/interfaces_pkg/interfaces_pkg/msg/detail/point2_d__rosidl_typesupport_introspection_cpp.hpp
[7.944s] -- Symlinking: /home/walter/ros2_ws/install/interfaces_pkg/share/interfaces_pkg/environment/pythonpath.sh
[7.954s] -- Symlinking: /home/walter/ros2_ws/install/interfaces_pkg/share/interfaces_pkg/environment/pythonpath.dsv
[7.963s] -- Symlinking: /home/walter/ros2_ws/install/interfaces_pkg/local/lib/python3.10/dist-packages/interfaces_pkg-0.0.0-py3.10.egg-info/PKG-INFO
[7.972s] -- Symlinking: /home/walter/ros2_ws/install/interfaces_pkg/local/lib/python3.10/dist-packages/interfaces_pkg-0.0.0-py3.10.egg-info/SOURCES.txt
[7.981s] -- Symlinking: /home/walter/ros2_ws/install/interfaces_pkg/local/lib/python3.10/dist-packages/interfaces_pkg-0.0.0-py3.10.egg-info/dependency_links.txt
[7.990s] -- Symlinking: /home/walter/ros2_ws/install/interfaces_pkg/local/lib/python3.10/dist-packages/interfaces_pkg-0.0.0-py3.10.egg-info/top_level.txt
[7.999s] -- Symlinking: /home/walter/ros2_ws/install/interfaces_pkg/local/lib/python3.10/dist-packages/interfaces_pkg/__init__.py
[8.008s] -- Symlinking: /home/walter/ros2_ws/install/interfaces_pkg/local/lib/python3.10/dist-packages/interfaces_pkg/_interfaces_pkg_s.ep.rosidl_typesupport_c.c
[8.017s] -- Symlinking: /home/walter/ros2_ws/install/interfaces_pkg/local/lib/python3.10/dist-packages/interfaces_pkg/_interfaces_pkg_s.ep.rosidl_typesupport_fastrtps_c.c
[8.026s] -- Symlinking: /home/walter/ros2_ws/install/interfaces_pkg/local/lib/python3.10/dist-packages/interfaces_pkg/_interfaces_pkg_s.ep.rosidl_typesupport_introspection_c.c
[8.035s] -- Symlinking: /home/walter/ros2_ws/install/interfaces_pkg/local/lib/python3.10/dist-packages/interfaces_pkg/interfaces_pkg_s__rosidl_typesupport_c.cpython-310-x86_64-linux-gnu.so
[8.044s] -- Symlinking: /home/walter/ros2_ws/install/interfaces_pkg/local/lib/python3.10/dist-packages/interfaces_pkg/interfaces_pkg_s__rosidl_typesupport_fastrtps_c.cpython-310-x86_64-linux-gnu.so
[8.053s] -- Symlinking: /home/walter/ros2_ws/install/interfaces_pkg/local/lib/python3.10/dist-packages/interfaces_pkg/interfaces_pkg_s__rosidl_typesupport_introspection_c.cpython-310-x86_64-linux-gnu.so
[8.063s] -- Symlinking: /home/walter/ros2_ws/install/interfaces_pkg/local/lib/python3.10/dist-packages/interfaces_pkg/libinterfaces_pkg__rosidl_generator_py.so
[8.072s] -- Symlinking: /home/walter/ros2_ws/install/interfaces_pkg/local/lib/python3.10/dist-packages/interfaces_pkg/msg/__init__.py
[8.081s] -- Symlinking: /home/walter/ros2_ws/install/interfaces_pkg/local/lib/python3.10/dist-packages/interfaces_pkg/msg/_bounding_box2_d.py
[8.091s] -- Symlinking: /home/walter/ros2_ws/install/interfaces_pkg/local/lib/python3.10/dist-packages/interfaces_pkg/msg/_bounding_box2_d_s.c
[8.100s] -- Symlinking: /home/walter/ros2_ws/install/interfaces_pkg/local/lib/python3.10/dist-packages/interfaces_pkg/msg/_detection.py
[8.110s] -- Symlinking: /home/walter/ros2_ws/install/interfaces_pkg/local/lib/python3.10/dist-packages/interfaces_pkg/msg/_detection_array.py
[8.119s] -- Symlinking: /home/walter/ros2_ws/install/interfaces_pkg/local/lib/python3.10/dist-packages/interfaces_pkg/msg/_detection_array_s.c
[8.128s] -- Symlinking: /home/walter/ros2_ws/install/interfaces_pkg/local/lib/python3.10/dist-packages/interfaces_pkg/msg/_detection_s.c
[8.138s] -- Symlinking: /home/walter/ros2_ws/install/interfaces_pkg/local/lib/python3.10/dist-packages/interfaces_pkg/msg/_lane_info.py
[8.148s] -- Symlinking: /home/walter/ros2_ws/install/interfaces_pkg/local/lib/python3.10/dist-packages/interfaces_pkg/msg/_lane_info_s.c
[8.157s] -- Symlinking: /home/walter/ros2_ws/install/interfaces_pkg/local/lib/python3.10/dist-packages/interfaces_pkg/msg/_mask.py
[8.166s] -- Symlinking: /home/walter/ros2_ws/install/interfaces_pkg/local/lib/python3.10/dist-packages/interfaces_pkg/msg/_mask_s.c
[8.176s] -- Symlinking: /home/walter/ros2_ws/install/interfaces_pkg/local/lib/python3.10/dist-packages/interfaces_pkg/msg/_motor.py
[8.184s] -- Symlinking: /home/walter/ros2_ws/install/interfaces_pkg/local/lib/python3.10/dist-packages/interfaces_pkg/msg/_motor_s.c
[8.194s] -- Symlinking: /home/walter/ros2_ws/install/interfaces_pkg/local/lib/python3.10/dist-packages/interfaces_pkg/msg/_point2_d.py
[8.203s] -- Symlinking: /home/walter/ros2_ws/install/interfaces_pkg/local/lib/python3.10/dist-packages/interfaces_pkg/msg/_point2_d_s.c
[8.213s] -- Up-to-date symlink: /home/walter/ros2_ws/install/interfaces_pkg/local/lib/python3.10/dist-packages/interfaces_pkg/interfaces_pkg_s__rosidl_typesupport_fastrtps_c.cpython-310-x86_64-linux-gnu.so
[8.213s] -- Up-to-date symlink: /home/walter/ros2_ws/install/interfaces_pkg/local/lib/python3.10/dist-packages/interfaces_pkg/interfaces_pkg_s__rosidl_typesupport_introspection_c.cpython-310-x86_64-linux-gnu.so
[8.214s] -- Up-to-date symlink: /home/walter/ros2_ws/install/interfaces_pkg/local/lib/python3.10/dist-packages/interfaces_pkg/interfaces_pkg_s__rosidl_typesupport_c.cpython-310-x86_64-linux-gnu.so
[8.214s] -- Symlinking: /home/walter/ros2_ws/install/interfaces_pkg/share/interfaces_pkg/msg/BoundingBox2D.idl
[8.224s] -- Symlinking: /home/walter/ros2_ws/install/interfaces_pkg/share/interfaces_pkg/msg/Detection.idl
[8.233s] -- Symlinking: /home/walter/ros2_ws/install/interfaces_pkg/share/interfaces_pkg/msg/DetectionArray.idl
[8.242s] -- Symlinking: /home/walter/ros2_ws/install/interfaces_pkg/share/interfaces_pkg/msg/Mask.idl
[8.252s] -- Symlinking: /home/walter/ros2_ws/install/interfaces_pkg/share/interfaces_pkg/msg/Motor.idl
[8.262s] -- Symlinking: /home/walter/ros2_ws/install/interfaces_pkg/share/interfaces_pkg/msg/Point2D.idl
[8.271s] -- Symlinking: /home/walter/ros2_ws/install/interfaces_pkg/share/interfaces_pkg/msg/LaneInfo.idl
[8.280s] -- Symlinking: /home/walter/ros2_ws/install/interfaces_pkg/share/interfaces_pkg/msg/BoundingBox2D.msg
[8.288s] -- Symlinking: /home/walter/ros2_ws/install/interfaces_pkg/share/interfaces_pkg/msg/Detection.msg
[8.297s] -- Symlinking: /home/walter/ros2_ws/install/interfaces_pkg/share/interfaces_pkg/msg/DetectionArray.msg
[8.306s] -- Symlinking: /home/walter/ros2_ws/install/interfaces_pkg/share/interfaces_pkg/msg/Mask.msg
[8.315s] -- Symlinking: /home/walter/ros2_ws/install/interfaces_pkg/share/interfaces_pkg/msg/Motor.msg
[8.324s] -- Symlinking: /home/walter/ros2_ws/install/interfaces_pkg/share/interfaces_pkg/msg/Point2D.msg
[8.333s] -- Symlinking: /home/walter/ros2_ws/install/interfaces_pkg/share/interfaces_pkg/msg/LaneInfo.msg
[8.341s] -- Symlinking: /home/walter/ros2_ws/install/interfaces_pkg/share/ament_index/resource_index/package_run_dependencies/interfaces_pkg
[8.350s] -- Symlinking: /home/walter/ros2_ws/install/interfaces_pkg/share/ament_index/resource_index/parent_prefix_path/interfaces_pkg
[8.363s] -- Symlinking: /home/walter/ros2_ws/install/interfaces_pkg/share/interfaces_pkg/environment/ament_prefix_path.sh
[8.372s] -- Symlinking: /home/walter/ros2_ws/install/interfaces_pkg/share/interfaces_pkg/environment/ament_prefix_path.dsv
[8.381s] -- Symlinking: /home/walter/ros2_ws/install/interfaces_pkg/share/interfaces_pkg/environment/path.sh
[8.390s] -- Symlinking: /home/walter/ros2_ws/install/interfaces_pkg/share/interfaces_pkg/environment/path.dsv
[8.399s] -- Symlinking: /home/walter/ros2_ws/install/interfaces_pkg/share/interfaces_pkg/local_setup.bash
[8.408s] -- Symlinking: /home/walter/ros2_ws/install/interfaces_pkg/share/interfaces_pkg/local_setup.sh
[8.417s] -- Symlinking: /home/walter/ros2_ws/install/interfaces_pkg/share/interfaces_pkg/local_setup.zsh
[8.426s] -- Symlinking: /home/walter/ros2_ws/install/interfaces_pkg/share/interfaces_pkg/local_setup.dsv
[8.435s] -- Symlinking: /home/walter/ros2_ws/install/interfaces_pkg/share/interfaces_pkg/package.dsv
[8.443s] -- Symlinking: /home/walter/ros2_ws/install/interfaces_pkg/share/ament_index/resource_index/packages/interfaces_pkg
[8.453s] -- Symlinking: /home/walter/ros2_ws/install/interfaces_pkg/share/interfaces_pkg/cmake/rosidl_cmake-extras.cmake
[8.462s] -- Symlinking: /home/walter/ros2_ws/install/interfaces_pkg/share/interfaces_pkg/cmake/ament_cmake_export_dependencies-extras.cmake
[8.471s] -- Symlinking: /home/walter/ros2_ws/install/interfaces_pkg/share/interfaces_pkg/cmake/ament_cmake_export_include_directories-extras.cmake
[8.480s] -- Symlinking: /home/walter/ros2_ws/install/interfaces_pkg/share/interfaces_pkg/cmake/ament_cmake_export_libraries-extras.cmake
[8.489s] -- Symlinking: /home/walter/ros2_ws/install/interfaces_pkg/share/interfaces_pkg/cmake/ament_cmake_export_targets-extras.cmake
[8.497s] -- Symlinking: /home/walter/ros2_ws/install/interfaces_pkg/share/interfaces_pkg/cmake/rosidl_cmake_export_typesupport_targets-extras.cmake
[8.507s] -- Symlinking: /home/walter/ros2_ws/install/interfaces_pkg/share/interfaces_pkg/cmake/rosidl_cmake_export_typesupport_libraries-extras.cmake
[8.517s] -- Symlinking: /home/walter/ros2_ws/install/interfaces_pkg/share/interfaces_pkg/cmake/interfaces_pkgConfig.cmake
[8.526s] -- Symlinking: /home/walter/ros2_ws/install/interfaces_pkg/share/interfaces_pkg/cmake/interfaces_pkgConfig-version.cmake
[8.535s] -- Symlinking: /home/walter/ros2_ws/install/interfaces_pkg/share/interfaces_pkg/package.xml
[8.544s] -- Installing: /home/walter/ros2_ws/install/interfaces_pkg/lib/libinterfaces_pkg__rosidl_generator_c.so
[8.544s] -- Set runtime path of "/home/walter/ros2_ws/install/interfaces_pkg/lib/libinterfaces_pkg__rosidl_generator_c.so" to ""
[8.544s] -- Installing: /home/walter/ros2_ws/install/interfaces_pkg/lib/libinterfaces_pkg__rosidl_typesupport_fastrtps_c.so
[8.544s] -- Set runtime path of "/home/walter/ros2_ws/install/interfaces_pkg/lib/libinterfaces_pkg__rosidl_typesupport_fastrtps_c.so" to ""
[8.545s] -- Installing: /home/walter/ros2_ws/install/interfaces_pkg/lib/libinterfaces_pkg__rosidl_typesupport_introspection_c.so
[8.545s] -- Set runtime path of "/home/walter/ros2_ws/install/interfaces_pkg/lib/libinterfaces_pkg__rosidl_typesupport_introspection_c.so" to ""
[8.545s] -- Installing: /home/walter/ros2_ws/install/interfaces_pkg/lib/libinterfaces_pkg__rosidl_typesupport_c.so
[8.545s] -- Set runtime path of "/home/walter/ros2_ws/install/interfaces_pkg/lib/libinterfaces_pkg__rosidl_typesupport_c.so" to ""
[8.545s] -- Installing: /home/walter/ros2_ws/install/interfaces_pkg/lib/libinterfaces_pkg__rosidl_typesupport_fastrtps_cpp.so
[8.546s] -- Set runtime path of "/home/walter/ros2_ws/install/interfaces_pkg/lib/libinterfaces_pkg__rosidl_typesupport_fastrtps_cpp.so" to ""
[8.546s] -- Installing: /home/walter/ros2_ws/install/interfaces_pkg/lib/libinterfaces_pkg__rosidl_typesupport_introspection_cpp.so
[8.546s] -- Set runtime path of "/home/walter/ros2_ws/install/interfaces_pkg/lib/libinterfaces_pkg__rosidl_typesupport_introspection_cpp.so" to ""
[8.547s] -- Installing: /home/walter/ros2_ws/install/interfaces_pkg/lib/libinterfaces_pkg__rosidl_typesupport_cpp.so
[8.547s] -- Set runtime path of "/home/walter/ros2_ws/install/interfaces_pkg/lib/libinterfaces_pkg__rosidl_typesupport_cpp.so" to ""
[8.595s] Listing '/home/walter/ros2_ws/install/interfaces_pkg/local/lib/python3.10/dist-packages/interfaces_pkg'...
[8.596s] Compiling '/home/walter/ros2_ws/install/interfaces_pkg/local/lib/python3.10/dist-packages/interfaces_pkg/__init__.py'...
[8.596s] Listing '/home/walter/ros2_ws/install/interfaces_pkg/local/lib/python3.10/dist-packages/interfaces_pkg/msg'...
[8.596s] Compiling '/home/walter/ros2_ws/install/interfaces_pkg/local/lib/python3.10/dist-packages/interfaces_pkg/msg/__init__.py'...
[8.596s] Compiling '/home/walter/ros2_ws/install/interfaces_pkg/local/lib/python3.10/dist-packages/interfaces_pkg/msg/_bounding_box2_d.py'...
[8.596s] Compiling '/home/walter/ros2_ws/install/interfaces_pkg/local/lib/python3.10/dist-packages/interfaces_pkg/msg/_detection.py'...
[8.596s] Compiling '/home/walter/ros2_ws/install/interfaces_pkg/local/lib/python3.10/dist-packages/interfaces_pkg/msg/_detection_array.py'...
[8.596s] Compiling '/home/walter/ros2_ws/install/interfaces_pkg/local/lib/python3.10/dist-packages/interfaces_pkg/msg/_lane_info.py'...
[8.596s] Compiling '/home/walter/ros2_ws/install/interfaces_pkg/local/lib/python3.10/dist-packages/interfaces_pkg/msg/_mask.py'...
[8.597s] Compiling '/home/walter/ros2_ws/install/interfaces_pkg/local/lib/python3.10/dist-packages/interfaces_pkg/msg/_motor.py'...
[8.597s] Compiling '/home/walter/ros2_ws/install/interfaces_pkg/local/lib/python3.10/dist-packages/interfaces_pkg/msg/_point2_d.py'...
[8.601s] -- Installing: /home/walter/ros2_ws/install/interfaces_pkg/lib/libinterfaces_pkg__rosidl_generator_py.so
[8.601s] -- Set runtime path of "/home/walter/ros2_ws/install/interfaces_pkg/lib/libinterfaces_pkg__rosidl_generator_py.so" to ""
[8.601s] -- Installing: /home/walter/ros2_ws/install/interfaces_pkg/share/interfaces_pkg/cmake/export_interfaces_pkg__rosidl_generator_cExport.cmake
[8.602s] -- Installing: /home/walter/ros2_ws/install/interfaces_pkg/share/interfaces_pkg/cmake/export_interfaces_pkg__rosidl_generator_cExport-noconfig.cmake
[8.602s] -- Installing: /home/walter/ros2_ws/install/interfaces_pkg/share/interfaces_pkg/cmake/export_interfaces_pkg__rosidl_typesupport_fastrtps_cExport.cmake
[8.602s] -- Installing: /home/walter/ros2_ws/install/interfaces_pkg/share/interfaces_pkg/cmake/export_interfaces_pkg__rosidl_typesupport_fastrtps_cExport-noconfig.cmake
[8.603s] -- Installing: /home/walter/ros2_ws/install/interfaces_pkg/share/interfaces_pkg/cmake/interfaces_pkg__rosidl_typesupport_introspection_cExport.cmake
[8.603s] -- Installing: /home/walter/ros2_ws/install/interfaces_pkg/share/interfaces_pkg/cmake/interfaces_pkg__rosidl_typesupport_introspection_cExport-noconfig.cmake
[8.603s] -- Installing: /home/walter/ros2_ws/install/interfaces_pkg/share/interfaces_pkg/cmake/interfaces_pkg__rosidl_typesupport_cExport.cmake
[8.603s] -- Installing: /home/walter/ros2_ws/install/interfaces_pkg/share/interfaces_pkg/cmake/interfaces_pkg__rosidl_typesupport_cExport-noconfig.cmake
[8.603s] -- Installing: /home/walter/ros2_ws/install/interfaces_pkg/share/interfaces_pkg/cmake/export_interfaces_pkg__rosidl_generator_cppExport.cmake
[8.603s] -- Installing: /home/walter/ros2_ws/install/interfaces_pkg/share/interfaces_pkg/cmake/export_interfaces_pkg__rosidl_typesupport_fastrtps_cppExport.cmake
[8.604s] -- Installing: /home/walter/ros2_ws/install/interfaces_pkg/share/interfaces_pkg/cmake/export_interfaces_pkg__rosidl_typesupport_fastrtps_cppExport-noconfig.cmake
[8.604s] -- Installing: /home/walter/ros2_ws/install/interfaces_pkg/share/interfaces_pkg/cmake/interfaces_pkg__rosidl_typesupport_introspection_cppExport.cmake
[8.604s] -- Installing: /home/walter/ros2_ws/install/interfaces_pkg/share/interfaces_pkg/cmake/interfaces_pkg__rosidl_typesupport_introspection_cppExport-noconfig.cmake
[8.604s] -- Installing: /home/walter/ros2_ws/install/interfaces_pkg/share/interfaces_pkg/cmake/interfaces_pkg__rosidl_typesupport_cppExport.cmake
[8.604s] -- Installing: /home/walter/ros2_ws/install/interfaces_pkg/share/interfaces_pkg/cmake/interfaces_pkg__rosidl_typesupport_cppExport-noconfig.cmake
[8.604s] -- Installing: /home/walter/ros2_ws/install/interfaces_pkg/share/interfaces_pkg/cmake/export_interfaces_pkg__rosidl_generator_pyExport.cmake
[8.604s] -- Installing: /home/walter/ros2_ws/install/interfaces_pkg/share/interfaces_pkg/cmake/export_interfaces_pkg__rosidl_generator_pyExport-noconfig.cmake
[8.607s] Invoked command in '/home/walter/ros2_ws/build/interfaces_pkg' returned '0': CMAKE_PREFIX_PATH=${CMAKE_PREFIX_PATH}:/home/walter/ros2_ws/src/install/yolov8_ros:/home/walter/ros2_ws/src/install/load_img:/home/walter/ros2_ws/src/install/img_process:/home/walter/ros2_ws/src/install/control_motor:/home/walter/ros2_ws/install/yolov8_ros:/home/walter/ros2_ws/install/load_img:/home/walter/ros2_ws/install/img_process:/home/walter/ros2_ws/install/control_motor:/home/walter/gcamp_ros2_ws/install/py_topic_pkg:/opt/ros/humble /usr/bin/cmake --install /home/walter/ros2_ws/build/interfaces_pkg
