[0.106s] DEBUG:colcon:Command line arguments: ['/usr/bin/colcon', 'list', '-p', '--base-paths', '/home/walter/ros2_ws']
[0.106s] DEBUG:colcon:Parsed command line arguments: Namespace(log_base=None, log_level=None, verb_name='list', build_base='build', ignore_user_meta=False, metas=['./colcon.meta'], base_paths=['/home/walter/ros2_ws'], packages_ignore=None, packages_ignore_regex=None, paths=None, packages_up_to=None, packages_up_to_regex=None, packages_above=None, packages_above_and_dependencies=None, packages_above_depth=None, packages_select_by_dep=None, packages_skip_by_dep=None, packages_skip_up_to=None, packages_select_build_failed=False, packages_skip_build_finished=False, packages_select_test_failures=False, packages_skip_test_passed=False, packages_select=None, packages_skip=None, packages_select_regex=None, packages_skip_regex=None, packages_start=None, packages_end=None, allow_overriding=[], topological_order=False, names_only=False, paths_only=True, topological_graph=False, topological_graph_dot=False, topological_graph_density=False, topological_graph_legend=False, topological_graph_dot_cluster=False, topological_graph_dot_include_skipped=False, verb_parser=<colcon_defaults.argument_parser.defaults.DefaultArgumentsDecorator object at 0x766291027be0>, verb_extension=<colcon_package_information.verb.list.ListVerb object at 0x76629110bfd0>, main=<bound method ListVerb.main of <colcon_package_information.verb.list.ListVerb object at 0x76629110bfd0>>)
[0.393s] Level 1:colcon.colcon_core.package_discovery:discover_packages(colcon_meta) check parameters
[0.394s] Level 1:colcon.colcon_core.package_discovery:discover_packages(recursive) check parameters
[0.394s] Level 1:colcon.colcon_core.package_discovery:discover_packages(ignore) check parameters
[0.394s] Level 1:colcon.colcon_core.package_discovery:discover_packages(path) check parameters
[0.394s] Level 1:colcon.colcon_core.package_discovery:discover_packages(recursive) discover
[0.394s] INFO:colcon.colcon_core.package_discovery:Crawling recursively for packages in '/home/walter/ros2_ws'
[0.394s] Level 1:colcon.colcon_core.package_identification:_identify(/home/walter/ros2_ws) by extensions ['ignore', 'ignore_ament_install']
[0.394s] Level 1:colcon.colcon_core.package_identification:_identify(/home/walter/ros2_ws) by extension 'ignore'
[0.394s] Level 1:colcon.colcon_core.package_identification:_identify(/home/walter/ros2_ws) by extension 'ignore_ament_install'
[0.395s] Level 1:colcon.colcon_core.package_identification:_identify(/home/walter/ros2_ws) by extensions ['colcon_pkg']
[0.395s] Level 1:colcon.colcon_core.package_identification:_identify(/home/walter/ros2_ws) by extension 'colcon_pkg'
[0.395s] Level 1:colcon.colcon_core.package_identification:_identify(/home/walter/ros2_ws) by extensions ['colcon_meta']
[0.395s] Level 1:colcon.colcon_core.package_identification:_identify(/home/walter/ros2_ws) by extension 'colcon_meta'
[0.395s] Level 1:colcon.colcon_core.package_identification:_identify(/home/walter/ros2_ws) by extensions ['ros']
[0.395s] Level 1:colcon.colcon_core.package_identification:_identify(/home/walter/ros2_ws) by extension 'ros'
[0.414s] Level 1:colcon.colcon_core.package_identification:_identify(/home/walter/ros2_ws) by extensions ['cmake', 'python']
[0.414s] Level 1:colcon.colcon_core.package_identification:_identify(/home/walter/ros2_ws) by extension 'cmake'
[0.414s] Level 1:colcon.colcon_core.package_identification:_identify(/home/walter/ros2_ws) by extension 'python'
[0.414s] Level 1:colcon.colcon_core.package_identification:_identify(/home/walter/ros2_ws) by extensions ['python_setup_py']
[0.414s] Level 1:colcon.colcon_core.package_identification:_identify(/home/walter/ros2_ws) by extension 'python_setup_py'
[0.414s] Level 1:colcon.colcon_core.package_identification:_identify(/home/walter/ros2_ws/build) by extensions ['ignore', 'ignore_ament_install']
[0.414s] Level 1:colcon.colcon_core.package_identification:_identify(/home/walter/ros2_ws/build) by extension 'ignore'
[0.414s] Level 1:colcon.colcon_core.package_identification:_identify(/home/walter/ros2_ws/build) ignored
[0.415s] Level 1:colcon.colcon_core.package_identification:_identify(/home/walter/ros2_ws/install) by extensions ['ignore', 'ignore_ament_install']
[0.415s] Level 1:colcon.colcon_core.package_identification:_identify(/home/walter/ros2_ws/install) by extension 'ignore'
[0.415s] Level 1:colcon.colcon_core.package_identification:_identify(/home/walter/ros2_ws/install) ignored
[0.415s] Level 1:colcon.colcon_core.package_identification:_identify(/home/walter/ros2_ws/log) by extensions ['ignore', 'ignore_ament_install']
[0.415s] Level 1:colcon.colcon_core.package_identification:_identify(/home/walter/ros2_ws/log) by extension 'ignore'
[0.415s] Level 1:colcon.colcon_core.package_identification:_identify(/home/walter/ros2_ws/log) ignored
[0.416s] Level 1:colcon.colcon_core.package_identification:_identify(/home/walter/ros2_ws/src) by extensions ['ignore', 'ignore_ament_install']
[0.416s] Level 1:colcon.colcon_core.package_identification:_identify(/home/walter/ros2_ws/src) by extension 'ignore'
[0.416s] Level 1:colcon.colcon_core.package_identification:_identify(/home/walter/ros2_ws/src) by extension 'ignore_ament_install'
[0.416s] Level 1:colcon.colcon_core.package_identification:_identify(/home/walter/ros2_ws/src) by extensions ['colcon_pkg']
[0.416s] Level 1:colcon.colcon_core.package_identification:_identify(/home/walter/ros2_ws/src) by extension 'colcon_pkg'
[0.416s] Level 1:colcon.colcon_core.package_identification:_identify(/home/walter/ros2_ws/src) by extensions ['colcon_meta']
[0.416s] Level 1:colcon.colcon_core.package_identification:_identify(/home/walter/ros2_ws/src) by extension 'colcon_meta'
[0.416s] Level 1:colcon.colcon_core.package_identification:_identify(/home/walter/ros2_ws/src) by extensions ['ros']
[0.416s] Level 1:colcon.colcon_core.package_identification:_identify(/home/walter/ros2_ws/src) by extension 'ros'
[0.416s] Level 1:colcon.colcon_core.package_identification:_identify(/home/walter/ros2_ws/src) by extensions ['cmake', 'python']
[0.416s] Level 1:colcon.colcon_core.package_identification:_identify(/home/walter/ros2_ws/src) by extension 'cmake'
[0.417s] Level 1:colcon.colcon_core.package_identification:_identify(/home/walter/ros2_ws/src) by extension 'python'
[0.417s] Level 1:colcon.colcon_core.package_identification:_identify(/home/walter/ros2_ws/src) by extensions ['python_setup_py']
[0.417s] Level 1:colcon.colcon_core.package_identification:_identify(/home/walter/ros2_ws/src) by extension 'python_setup_py'
[0.417s] Level 1:colcon.colcon_core.package_identification:_identify(/home/walter/ros2_ws/src/arduino_codes) by extensions ['ignore', 'ignore_ament_install']
[0.417s] Level 1:colcon.colcon_core.package_identification:_identify(/home/walter/ros2_ws/src/arduino_codes) by extension 'ignore'
[0.417s] Level 1:colcon.colcon_core.package_identification:_identify(/home/walter/ros2_ws/src/arduino_codes) by extension 'ignore_ament_install'
[0.417s] Level 1:colcon.colcon_core.package_identification:_identify(/home/walter/ros2_ws/src/arduino_codes) by extensions ['colcon_pkg']
[0.417s] Level 1:colcon.colcon_core.package_identification:_identify(/home/walter/ros2_ws/src/arduino_codes) by extension 'colcon_pkg'
[0.417s] Level 1:colcon.colcon_core.package_identification:_identify(/home/walter/ros2_ws/src/arduino_codes) by extensions ['colcon_meta']
[0.417s] Level 1:colcon.colcon_core.package_identification:_identify(/home/walter/ros2_ws/src/arduino_codes) by extension 'colcon_meta'
[0.417s] Level 1:colcon.colcon_core.package_identification:_identify(/home/walter/ros2_ws/src/arduino_codes) by extensions ['ros']
[0.417s] Level 1:colcon.colcon_core.package_identification:_identify(/home/walter/ros2_ws/src/arduino_codes) by extension 'ros'
[0.418s] Level 1:colcon.colcon_core.package_identification:_identify(/home/walter/ros2_ws/src/arduino_codes) by extensions ['cmake', 'python']
[0.418s] Level 1:colcon.colcon_core.package_identification:_identify(/home/walter/ros2_ws/src/arduino_codes) by extension 'cmake'
[0.418s] Level 1:colcon.colcon_core.package_identification:_identify(/home/walter/ros2_ws/src/arduino_codes) by extension 'python'
[0.418s] Level 1:colcon.colcon_core.package_identification:_identify(/home/walter/ros2_ws/src/arduino_codes) by extensions ['python_setup_py']
[0.418s] Level 1:colcon.colcon_core.package_identification:_identify(/home/walter/ros2_ws/src/arduino_codes) by extension 'python_setup_py'
[0.418s] Level 1:colcon.colcon_core.package_identification:_identify(/home/walter/ros2_ws/src/arduino_codes/check_variable_resistor) by extensions ['ignore', 'ignore_ament_install']
[0.418s] Level 1:colcon.colcon_core.package_identification:_identify(/home/walter/ros2_ws/src/arduino_codes/check_variable_resistor) by extension 'ignore'
[0.418s] Level 1:colcon.colcon_core.package_identification:_identify(/home/walter/ros2_ws/src/arduino_codes/check_variable_resistor) by extension 'ignore_ament_install'
[0.418s] Level 1:colcon.colcon_core.package_identification:_identify(/home/walter/ros2_ws/src/arduino_codes/check_variable_resistor) by extensions ['colcon_pkg']
[0.418s] Level 1:colcon.colcon_core.package_identification:_identify(/home/walter/ros2_ws/src/arduino_codes/check_variable_resistor) by extension 'colcon_pkg'
[0.418s] Level 1:colcon.colcon_core.package_identification:_identify(/home/walter/ros2_ws/src/arduino_codes/check_variable_resistor) by extensions ['colcon_meta']
[0.418s] Level 1:colcon.colcon_core.package_identification:_identify(/home/walter/ros2_ws/src/arduino_codes/check_variable_resistor) by extension 'colcon_meta'
[0.418s] Level 1:colcon.colcon_core.package_identification:_identify(/home/walter/ros2_ws/src/arduino_codes/check_variable_resistor) by extensions ['ros']
[0.419s] Level 1:colcon.colcon_core.package_identification:_identify(/home/walter/ros2_ws/src/arduino_codes/check_variable_resistor) by extension 'ros'
[0.419s] Level 1:colcon.colcon_core.package_identification:_identify(/home/walter/ros2_ws/src/arduino_codes/check_variable_resistor) by extensions ['cmake', 'python']
[0.419s] Level 1:colcon.colcon_core.package_identification:_identify(/home/walter/ros2_ws/src/arduino_codes/check_variable_resistor) by extension 'cmake'
[0.419s] Level 1:colcon.colcon_core.package_identification:_identify(/home/walter/ros2_ws/src/arduino_codes/check_variable_resistor) by extension 'python'
[0.419s] Level 1:colcon.colcon_core.package_identification:_identify(/home/walter/ros2_ws/src/arduino_codes/check_variable_resistor) by extensions ['python_setup_py']
[0.419s] Level 1:colcon.colcon_core.package_identification:_identify(/home/walter/ros2_ws/src/arduino_codes/check_variable_resistor) by extension 'python_setup_py'
[0.419s] Level 1:colcon.colcon_core.package_identification:_identify(/home/walter/ros2_ws/src/arduino_codes/driving) by extensions ['ignore', 'ignore_ament_install']
[0.419s] Level 1:colcon.colcon_core.package_identification:_identify(/home/walter/ros2_ws/src/arduino_codes/driving) by extension 'ignore'
[0.419s] Level 1:colcon.colcon_core.package_identification:_identify(/home/walter/ros2_ws/src/arduino_codes/driving) by extension 'ignore_ament_install'
[0.419s] Level 1:colcon.colcon_core.package_identification:_identify(/home/walter/ros2_ws/src/arduino_codes/driving) by extensions ['colcon_pkg']
[0.419s] Level 1:colcon.colcon_core.package_identification:_identify(/home/walter/ros2_ws/src/arduino_codes/driving) by extension 'colcon_pkg'
[0.419s] Level 1:colcon.colcon_core.package_identification:_identify(/home/walter/ros2_ws/src/arduino_codes/driving) by extensions ['colcon_meta']
[0.420s] Level 1:colcon.colcon_core.package_identification:_identify(/home/walter/ros2_ws/src/arduino_codes/driving) by extension 'colcon_meta'
[0.420s] Level 1:colcon.colcon_core.package_identification:_identify(/home/walter/ros2_ws/src/arduino_codes/driving) by extensions ['ros']
[0.420s] Level 1:colcon.colcon_core.package_identification:_identify(/home/walter/ros2_ws/src/arduino_codes/driving) by extension 'ros'
[0.420s] Level 1:colcon.colcon_core.package_identification:_identify(/home/walter/ros2_ws/src/arduino_codes/driving) by extensions ['cmake', 'python']
[0.420s] Level 1:colcon.colcon_core.package_identification:_identify(/home/walter/ros2_ws/src/arduino_codes/driving) by extension 'cmake'
[0.420s] Level 1:colcon.colcon_core.package_identification:_identify(/home/walter/ros2_ws/src/arduino_codes/driving) by extension 'python'
[0.420s] Level 1:colcon.colcon_core.package_identification:_identify(/home/walter/ros2_ws/src/arduino_codes/driving) by extensions ['python_setup_py']
[0.420s] Level 1:colcon.colcon_core.package_identification:_identify(/home/walter/ros2_ws/src/arduino_codes/driving) by extension 'python_setup_py'
[0.420s] Level 1:colcon.colcon_core.package_identification:_identify(/home/walter/ros2_ws/src/control_motor) by extensions ['ignore', 'ignore_ament_install']
[0.420s] Level 1:colcon.colcon_core.package_identification:_identify(/home/walter/ros2_ws/src/control_motor) by extension 'ignore'
[0.420s] Level 1:colcon.colcon_core.package_identification:_identify(/home/walter/ros2_ws/src/control_motor) by extension 'ignore_ament_install'
[0.421s] Level 1:colcon.colcon_core.package_identification:_identify(/home/walter/ros2_ws/src/control_motor) by extensions ['colcon_pkg']
[0.421s] Level 1:colcon.colcon_core.package_identification:_identify(/home/walter/ros2_ws/src/control_motor) by extension 'colcon_pkg'
[0.421s] Level 1:colcon.colcon_core.package_identification:_identify(/home/walter/ros2_ws/src/control_motor) by extensions ['colcon_meta']
[0.421s] Level 1:colcon.colcon_core.package_identification:_identify(/home/walter/ros2_ws/src/control_motor) by extension 'colcon_meta'
[0.421s] Level 1:colcon.colcon_core.package_identification:_identify(/home/walter/ros2_ws/src/control_motor) by extensions ['ros']
[0.421s] Level 1:colcon.colcon_core.package_identification:_identify(/home/walter/ros2_ws/src/control_motor) by extension 'ros'
[0.425s] DEBUG:colcon.colcon_core.package_identification:Package '/home/walter/ros2_ws/src/control_motor' with type 'ros.ament_python' and name 'control_motor'
[0.425s] Level 1:colcon.colcon_core.package_identification:_identify(/home/walter/ros2_ws/src/data_collection) by extensions ['ignore', 'ignore_ament_install']
[0.425s] Level 1:colcon.colcon_core.package_identification:_identify(/home/walter/ros2_ws/src/data_collection) by extension 'ignore'
[0.425s] Level 1:colcon.colcon_core.package_identification:_identify(/home/walter/ros2_ws/src/data_collection) by extension 'ignore_ament_install'
[0.426s] Level 1:colcon.colcon_core.package_identification:_identify(/home/walter/ros2_ws/src/data_collection) by extensions ['colcon_pkg']
[0.426s] Level 1:colcon.colcon_core.package_identification:_identify(/home/walter/ros2_ws/src/data_collection) by extension 'colcon_pkg'
[0.426s] Level 1:colcon.colcon_core.package_identification:_identify(/home/walter/ros2_ws/src/data_collection) by extensions ['colcon_meta']
[0.426s] Level 1:colcon.colcon_core.package_identification:_identify(/home/walter/ros2_ws/src/data_collection) by extension 'colcon_meta'
[0.426s] Level 1:colcon.colcon_core.package_identification:_identify(/home/walter/ros2_ws/src/data_collection) by extensions ['ros']
[0.426s] Level 1:colcon.colcon_core.package_identification:_identify(/home/walter/ros2_ws/src/data_collection) by extension 'ros'
[0.426s] Level 1:colcon.colcon_core.package_identification:_identify(/home/walter/ros2_ws/src/data_collection) by extensions ['cmake', 'python']
[0.426s] Level 1:colcon.colcon_core.package_identification:_identify(/home/walter/ros2_ws/src/data_collection) by extension 'cmake'
[0.426s] Level 1:colcon.colcon_core.package_identification:_identify(/home/walter/ros2_ws/src/data_collection) by extension 'python'
[0.426s] Level 1:colcon.colcon_core.package_identification:_identify(/home/walter/ros2_ws/src/data_collection) by extensions ['python_setup_py']
[0.426s] Level 1:colcon.colcon_core.package_identification:_identify(/home/walter/ros2_ws/src/data_collection) by extension 'python_setup_py'
[0.427s] Level 1:colcon.colcon_core.package_identification:_identify(/home/walter/ros2_ws/src/img_process) by extensions ['ignore', 'ignore_ament_install']
[0.427s] Level 1:colcon.colcon_core.package_identification:_identify(/home/walter/ros2_ws/src/img_process) by extension 'ignore'
[0.427s] Level 1:colcon.colcon_core.package_identification:_identify(/home/walter/ros2_ws/src/img_process) by extension 'ignore_ament_install'
[0.427s] Level 1:colcon.colcon_core.package_identification:_identify(/home/walter/ros2_ws/src/img_process) by extensions ['colcon_pkg']
[0.427s] Level 1:colcon.colcon_core.package_identification:_identify(/home/walter/ros2_ws/src/img_process) by extension 'colcon_pkg'
[0.427s] Level 1:colcon.colcon_core.package_identification:_identify(/home/walter/ros2_ws/src/img_process) by extensions ['colcon_meta']
[0.427s] Level 1:colcon.colcon_core.package_identification:_identify(/home/walter/ros2_ws/src/img_process) by extension 'colcon_meta'
[0.427s] Level 1:colcon.colcon_core.package_identification:_identify(/home/walter/ros2_ws/src/img_process) by extensions ['ros']
[0.427s] Level 1:colcon.colcon_core.package_identification:_identify(/home/walter/ros2_ws/src/img_process) by extension 'ros'
[0.428s] DEBUG:colcon.colcon_core.package_identification:Package '/home/walter/ros2_ws/src/img_process' with type 'ros.ament_python' and name 'img_process'
[0.429s] Level 1:colcon.colcon_core.package_identification:_identify(/home/walter/ros2_ws/src/interfaces_pkg) by extensions ['ignore', 'ignore_ament_install']
[0.429s] Level 1:colcon.colcon_core.package_identification:_identify(/home/walter/ros2_ws/src/interfaces_pkg) by extension 'ignore'
[0.429s] Level 1:colcon.colcon_core.package_identification:_identify(/home/walter/ros2_ws/src/interfaces_pkg) by extension 'ignore_ament_install'
[0.429s] Level 1:colcon.colcon_core.package_identification:_identify(/home/walter/ros2_ws/src/interfaces_pkg) by extensions ['colcon_pkg']
[0.429s] Level 1:colcon.colcon_core.package_identification:_identify(/home/walter/ros2_ws/src/interfaces_pkg) by extension 'colcon_pkg'
[0.429s] Level 1:colcon.colcon_core.package_identification:_identify(/home/walter/ros2_ws/src/interfaces_pkg) by extensions ['colcon_meta']
[0.429s] Level 1:colcon.colcon_core.package_identification:_identify(/home/walter/ros2_ws/src/interfaces_pkg) by extension 'colcon_meta'
[0.429s] Level 1:colcon.colcon_core.package_identification:_identify(/home/walter/ros2_ws/src/interfaces_pkg) by extensions ['ros']
[0.429s] Level 1:colcon.colcon_core.package_identification:_identify(/home/walter/ros2_ws/src/interfaces_pkg) by extension 'ros'
[0.430s] DEBUG:colcon.colcon_core.package_identification:Package '/home/walter/ros2_ws/src/interfaces_pkg' with type 'ros.ament_cmake' and name 'interfaces_pkg'
[0.431s] Level 1:colcon.colcon_core.package_identification:_identify(/home/walter/ros2_ws/src/load_img) by extensions ['ignore', 'ignore_ament_install']
[0.431s] Level 1:colcon.colcon_core.package_identification:_identify(/home/walter/ros2_ws/src/load_img) by extension 'ignore'
[0.431s] Level 1:colcon.colcon_core.package_identification:_identify(/home/walter/ros2_ws/src/load_img) by extension 'ignore_ament_install'
[0.431s] Level 1:colcon.colcon_core.package_identification:_identify(/home/walter/ros2_ws/src/load_img) by extensions ['colcon_pkg']
[0.431s] Level 1:colcon.colcon_core.package_identification:_identify(/home/walter/ros2_ws/src/load_img) by extension 'colcon_pkg'
[0.431s] Level 1:colcon.colcon_core.package_identification:_identify(/home/walter/ros2_ws/src/load_img) by extensions ['colcon_meta']
[0.431s] Level 1:colcon.colcon_core.package_identification:_identify(/home/walter/ros2_ws/src/load_img) by extension 'colcon_meta'
[0.431s] Level 1:colcon.colcon_core.package_identification:_identify(/home/walter/ros2_ws/src/load_img) by extensions ['ros']
[0.431s] Level 1:colcon.colcon_core.package_identification:_identify(/home/walter/ros2_ws/src/load_img) by extension 'ros'
[0.432s] DEBUG:colcon.colcon_core.package_identification:Package '/home/walter/ros2_ws/src/load_img' with type 'ros.ament_python' and name 'load_img'
[0.432s] Level 1:colcon.colcon_core.package_identification:_identify(/home/walter/ros2_ws/src/yolov8_ros) by extensions ['ignore', 'ignore_ament_install']
[0.433s] Level 1:colcon.colcon_core.package_identification:_identify(/home/walter/ros2_ws/src/yolov8_ros) by extension 'ignore'
[0.433s] Level 1:colcon.colcon_core.package_identification:_identify(/home/walter/ros2_ws/src/yolov8_ros) by extension 'ignore_ament_install'
[0.433s] Level 1:colcon.colcon_core.package_identification:_identify(/home/walter/ros2_ws/src/yolov8_ros) by extensions ['colcon_pkg']
[0.433s] Level 1:colcon.colcon_core.package_identification:_identify(/home/walter/ros2_ws/src/yolov8_ros) by extension 'colcon_pkg'
[0.433s] Level 1:colcon.colcon_core.package_identification:_identify(/home/walter/ros2_ws/src/yolov8_ros) by extensions ['colcon_meta']
[0.433s] Level 1:colcon.colcon_core.package_identification:_identify(/home/walter/ros2_ws/src/yolov8_ros) by extension 'colcon_meta'
[0.433s] Level 1:colcon.colcon_core.package_identification:_identify(/home/walter/ros2_ws/src/yolov8_ros) by extensions ['ros']
[0.433s] Level 1:colcon.colcon_core.package_identification:_identify(/home/walter/ros2_ws/src/yolov8_ros) by extension 'ros'
[0.434s] DEBUG:colcon.colcon_core.package_identification:Package '/home/walter/ros2_ws/src/yolov8_ros' with type 'ros.ament_python' and name 'yolov8_ros'
[0.434s] Level 1:colcon.colcon_core.package_discovery:discover_packages(recursive) using defaults
