[1.133s] Invoking command in '/home/walter/ros2_ws/build/load_img': PYTHONPATH=/home/walter/ros2_ws/build/load_img/prefix_override:/usr/lib/python3/dist-packages/colcon_core/task/python/colcon_distutils_commands:/home/walter/ros2_ws/install/load_img/lib/python3.10/site-packages:${PYTHONPATH} /usr/bin/python3 -W ignore:setup.py install is deprecated setup.py develop --editable --build-directory /home/walter/ros2_ws/build/load_img/build --no-deps symlink_data
[1.449s] running develop
[1.633s] running egg_info
[1.634s] writing load_img.egg-info/PKG-INFO
[1.634s] writing dependency_links to load_img.egg-info/dependency_links.txt
[1.634s] writing entry points to load_img.egg-info/entry_points.txt
[1.635s] writing requirements to load_img.egg-info/requires.txt
[1.635s] writing top-level names to load_img.egg-info/top_level.txt
[1.636s] reading manifest file 'load_img.egg-info/SOURCES.txt'
[1.636s] writing manifest file 'load_img.egg-info/SOURCES.txt'
[1.638s] running build_ext
[1.639s] Creating /home/walter/ros2_ws/install/load_img/lib/python3.10/site-packages/load-img.egg-link (link to .)
[1.639s] Installing cam_pub script to /home/walter/ros2_ws/install/load_img/lib/load_img
[1.640s] Installing img_pub script to /home/walter/ros2_ws/install/load_img/lib/load_img
[1.640s] Installing img_sub script to /home/walter/ros2_ws/install/load_img/lib/load_img
[1.640s] Installing video_pub script to /home/walter/ros2_ws/install/load_img/lib/load_img
[1.641s] 
[1.641s] Installed /home/walter/ros2_ws/build/load_img
[1.641s] running symlink_data
[1.703s] Invoked command in '/home/walter/ros2_ws/build/load_img' returned '0': PYTHONPATH=/home/walter/ros2_ws/build/load_img/prefix_override:/usr/lib/python3/dist-packages/colcon_core/task/python/colcon_distutils_commands:/home/walter/ros2_ws/install/load_img/lib/python3.10/site-packages:${PYTHONPATH} /usr/bin/python3 -W ignore:setup.py install is deprecated setup.py develop --editable --build-directory /home/walter/ros2_ws/build/load_img/build --no-deps symlink_data
